# Kickoff analysis — hello-clang-debug

- format: **ELF**, arch: **x86_64**, size: **92600** bytes
- entry: **0x11e0**

## Functions
- discovered: **16** (with blocks: 16, named: 16)
- callgraph edges: **10**
- name sources: analyzer=16

## Type system
- stdlib prototypes loaded: **192**
- DWARF types imported: **104**
- stack slots discovered: **492**
- types propagated: **0**
- auto-struct candidates: **16**

## IOCs (from string scan)
- **hostname**: 5
- **path_posix**: 1
- **java_path**: 1
- **ipv4**: 0

Examples:
  - `path_posix` `/lib64/ld-linux-x86-64.so.2`  (off `0x318`)
  - `java_path` `lib64/ld-linux-x86-64.so.2`  (off `0x319`)
  - `c_identifier` `lib64`  (off `0x319`)
  - `c_identifier` `ld`  (off `0x31f`)
  - `c_identifier` `linux`  (off `0x322`)
  - `c_identifier` `x86`  (off `0x328`)

_completed in N ms_
