path: /nas4/data/workspace-infosec/glaurung/samples/binaries/platforms/linux/amd64/export/native/clang/debug/hello-clang-debug
size: 92600 bytes (90.4 KiB)
encodings: ascii=1029 utf8=2 u16le=0 u16be=0
languages: (none)
scripts: Latin=121
lengths: count=1029 min=4 max=330 mean=37.9 median=15.0 p90=98.2 p99=143.9
entropy: count=1029 min=1.00 max=5.00 mean=3.38 p90=4.50 p99=4.62
[0x318] ascii    len=  27 3.86 lang=- script=- | /lib64/ld-linux-x86-64.so.2
[0x369] ascii    len=   4 2.00 lang=- script=- | p`,@
[0x6c9] ascii    len=  14 2.84 lang=- script=- | __gmon_start__
[0x6d8] ascii    len=  27 3.85 lang=- script=- | _ITM_deregisterTMCloneTable
[0x6f4] ascii    len=  25 3.81 lang=- script=- | _ITM_registerTMCloneTable
[0x70e] ascii    len=  63 4.36 lang=- script=- | _ZNKSt7__cxx1112basic_stringIcSt11char_traitsIcESaIcEE6lengthEv
[0x74e] ascii    len=  29 3.81 lang=- script=- | _ZSt20__throw_length_errorPKc
[0x76c] ascii    len=  15 3.46 lang=- script=- | _ZSt9terminatev
[0x77c] ascii    len=  99 4.44 lang=- script=- | _ZStlsIcSt11char_traitsIcESaIcEERSt13basic_ostreamIT_T0_ES7_RKNSt7__cxx1112basic_stringIS4_S5_T1_EE
[0x7e0] ascii    len=   9 3.17 lang=- script=- | _ZNSolsEi
[0x7ea] ascii    len=  12 3.42 lang=- script=- | _ZNSaIcED1Ev
[0x7f7] ascii    len=  58 4.40 lang=- script=- | _ZSt4endlIcSt11char_traitsIcEERSt13basic_ostreamIT_T0_ES6_
[0x832] ascii    len=  64 4.29 lang=- script=- | _ZNSt7__cxx1112basic_stringIcSt11char_traitsIcESaIcEEC1EPKcRKS3_
[0x873] ascii    len=  23 4.18 lang=- script=- | _ZNSt8ios_base4InitD1Ev
[0x88b] ascii    len=  16 3.33 lang=- script=- | _ZNSolsEPFRSoS_E
[0x89c] ascii    len=  24 3.77 lang=- script=- | _ZSt17__throw_bad_allocv
[0x8b5] ascii    len=  17 3.22 lang=- script=- | __cxa_begin_catch
[0x8c7] ascii    len=   6 2.58 lang=- script=- | _ZdlPv
[0x8ce] ascii    len=  20 3.82 lang=- script=- | __gxx_personality_v0
[0x8e3] ascii    len=  12 3.42 lang=- script=- | _ZNSaIcEC1Ev
[0x8f0] ascii    len=  35 3.93 lang=- script=- | _ZSt28__throw_bad_array_new_lengthv
[0x914] ascii    len=  61 4.24 lang=- script=- | _ZNSt7__cxx1112basic_stringIcSt11char_traitsIcESaIcEEC1ERKS4_
[0x952] ascii    len=  55 4.26 lang=- script=- | _ZStlsISt11char_traitsIcEERSt13basic_ostreamIcT_ES5_PKc
[0x98a] ascii    len=   5 2.32 lang=- script=- | _Znwm
[0x990] ascii    len=  23 4.18 lang=- script=- | _ZNSt8ios_base4InitC1Ev
[0x9a8] ascii    len=  13 3.18 lang=- script=- | __cxa_rethrow
[0x9b6] ascii    len=  57 4.15 lang=- script=- | _ZNSt7__cxx1112basic_stringIcSt11char_traitsIcESaIcEED1Ev
[0x9f0] ascii    len=   9 2.95 lang=- script=- | _ZSt4cout
[0x9fa] ascii    len=  15 2.92 lang=- script=- | __cxa_end_catch
[0xa0a] ascii    len=  14 3.38 lang=- script=- | _Unwind_Resume
[0xa19] ascii    len=  14 3.18 lang=- script=- | __cxa_finalize
[0xa28] ascii    len=  17 3.26 lang=- script=- | __libc_start_main
[0xa3a] ascii    len=  12 2.69 lang=- script=- | __cxa_atexit
[0xa47] ascii    len=  14 3.38 lang=- script=- | libstdc++.so.6
[0xa56] ascii    len=   9 2.95 lang=- script=- | libm.so.6
[0xa60] ascii    len=  13 3.24 lang=- script=- | libgcc_s.so.1
[0xa6e] ascii    len=   9 2.95 lang=- script=- | libc.so.6
[0xa78] ascii    len=   7 2.52 lang=- script=- | GCC_3.0
[0xa80] ascii    len=  10 3.32 lang=- script=- | GLIBC_2.34
[0xa8b] ascii    len=  11 3.10 lang=- script=- | GLIBC_2.2.5
[0xa97] ascii    len=  14 3.52 lang=- script=- | GLIBCXX_3.4.29
[0xaa6] ascii    len=  14 3.52 lang=- script=- | GLIBCXX_3.4.21
[0xab5] ascii    len=  10 3.12 lang=- script=- | CXXABI_1.3
[0xac0] ascii    len=  11 3.28 lang=- script=- | GLIBCXX_3.4
[0x11f1] ascii    len=   4 2.00 lang=- script=- | PTE1
[0x128b] ascii    len=   4 2.00 lang=- script=- | u+UH
[0x3004] ascii    len=  22 3.63 lang=- script=Latin | Hello, World from C++!
[0x301b] ascii    len=  11 3.28 lang=- script=Latin | Sum printer
[0x3027] ascii    len=  23 3.68 lang=- script=- | Total argument length: 
[0x303f] ascii    len=  15 3.51 lang=- script=- | Counter value: 
[0x304f] ascii    len=  48 4.13 lang=- script=- | cannot create std::vector larger than max_size()
[0x33a7] ascii    len=   5 2.32 lang=- script=- | ;*3$"
[0x3ce5] ascii    len=   4 2.00 lang=- script=- | zPLR
[0x50e8] ascii    len=  44 3.88 lang=- script=- | GCC: (Ubuntu 11.4.0-1ubuntu1~22.04.2) 11.4.0
[0x5115] ascii    len=  38 4.11 lang=- script=Latin | Ubuntu clang version 14.0.0-1ubuntu1.1
[0x5bf7] ascii    len=   4 2.00 lang=- script=- | D)kl
[0x5c42] ascii    len=   4 2.00 lang=- script=- | D)ql
[0x5ed5] ascii    len=   4 1.50 lang=- script=- | 9--$
[0x61d1] ascii    len=   4 2.00 lang=- script=- | ND?"
[0x6695] ascii    len=   5 2.32 lang=- script=- | N 5}-
[0x66e9] ascii    len=   5 2.32 lang=- script=- | N#I).
[0x66f0] ascii    len=   5 2.32 lang=- script=- | N#J8.
[0x66f7] ascii    len=   5 2.32 lang=- script=- | N#KG.
[0x66fe] ascii    len=   5 2.32 lang=- script=- | N#LV.
[0x6705] ascii    len=   5 2.32 lang=- script=- | N#We.
[0x670c] ascii    len=   5 2.32 lang=- script=- | N%4t.
[0x6863] ascii    len=   5 2.32 lang=- script=- | N(j.2
[0x686a] ascii    len=   5 2.32 lang=- script=- | N(k>2
[0x6871] ascii    len=   5 2.32 lang=- script=- | N(lb2
[0x6878] ascii    len=   5 2.32 lang=- script=- | N(m|2
[0x68a9] ascii    len=   5 2.32 lang=- script=- | N(t'3
[0x68b0] ascii    len=   5 2.32 lang=- script=- | N(uA3
[0x68b7] ascii    len=   5 2.32 lang=- script=- | N(v`3
[0x68be] ascii    len=   5 2.32 lang=- script=- | N(wp3
[0x69c1] ascii    len=   5 2.32 lang=- script=- | N,_)6
[0x69c8] ascii    len=   5 2.32 lang=- script=- | N,`86
[0x69cf] ascii    len=   5 2.32 lang=- script=- | N,aG6
[0x69d6] ascii    len=   5 2.32 lang=- script=- | N,bV6
[0x69dd] ascii    len=   5 2.32 lang=- script=- | N,ce6
[0x69e4] ascii    len=   5 2.32 lang=- script=- | N,dt6
[0x6b8a] ascii    len=   4 2.00 lang=- script=- | 0~C"
[0x6be3] ascii    len=   4 2.00 lang=- script=- | 0UC"
[0x6c1c] ascii    len=   4 2.00 lang=- script=- | 2mC"
[0x6c4a] ascii    len=   4 2.00 lang=- script=- | 31C"
[0x6c56] ascii    len=   4 2.00 lang=- script=- | 31\"
[0x6d4c] ascii    len=   4 2.00 lang=- script=- | 3Mb@
[0x70d2] ascii    len=   5 2.32 lang=- script=- | )9:	a
[0x70e1] ascii    len=   5 2.32 lang=- script=- | $;<	d
[0x70f1] ascii    len=   5 2.32 lang=- script=- | d=>	g
[0x70fa] ascii    len=   5 2.32 lang=- script=- | d@A	j
[0x7103] ascii    len=   5 2.32 lang=- script=- | dBC	m
[0x710c] ascii    len=   5 2.32 lang=- script=- | dDE	p
[0x7115] ascii    len=   5 2.32 lang=- script=- | dFG	s
[0x7122] ascii    len=   4 1.50 lang=- script=- | 	w	I
[0x7d61] ascii    len=   4 2.00 lang=- script=- | :-x#
[0x7d6a] ascii    len=   4 2.00 lang=- script=- | <-x#
[0x7d73] ascii    len=   4 2.00 lang=- script=- | =-x#
[0x7d7c] ascii    len=   4 2.00 lang=- script=- | >-J,
[0x7d8e] ascii    len=   4 2.00 lang=- script=- | 4-\,
[0x7da0] ascii    len=   4 2.00 lang=- script=- | 6-n,
[0x7dcd] ascii    len=   4 2.00 lang=- script=- | e-x#
[0x7dd6] ascii    len=   4 2.00 lang=- script=- | H-x#
[0x7e3a] ascii    len=   4 2.00 lang=- script=- | G-?"
[0x7e43] ascii    len=   4 2.00 lang=- script=- | I-?"
[0x7e4c] ascii    len=   4 2.00 lang=- script=- | J-?"
[0x7e55] ascii    len=   4 1.50 lang=- script=- | K-#-
[0x7e67] ascii    len=   4 1.00 lang=- script=- | 5-5-
[0x7e79] ascii    len=   4 1.50 lang=- script=- | 7-G-
[0x7e8b] ascii    len=   4 1.50 lang=- script=- | 9-Y-
[0x7e9d] ascii    len=   4 1.50 lang=- script=- | ;-k-
[0x7ea6] ascii    len=   4 2.00 lang=- script=- | f-?"
[0x7eaf] ascii    len=   4 2.00 lang=- script=- | I-?"
[0x803c] ascii    len=   4 2.00 lang=- script=- | $lx#
[0x86f5] ascii    len=   4 2.00 lang=- script=- | -&|y
[0x8daf] ascii    len=   4 2.00 lang=- script=- | 0VC"
[0x8dbb] ascii    len=   4 2.00 lang=- script=- | 0XC"
[0xa9ea] ascii    len=  38 4.11 lang=- script=Latin | Ubuntu clang version 14.0.0-1ubuntu1.1
[0xaa11] ascii    len=  31 3.56 lang=- script=- | /workspace/source/cpp/hello.cpp
[0xaa31] ascii    len=  10 3.32 lang=- script=- | /workspace
[0xaa40] ascii    len=   8 2.75 lang=- script=- | ios_base
[0xaa49] ascii    len=   4 2.00 lang=- script=- | Init
[0xaa4e] ascii    len=  14 2.99 lang=- script=- | _ZStL8__ioinit
[0xaa5d] ascii    len=  14 3.52 lang=- script=- | global_counter
[0xaa6c] ascii    len=   9 2.42 lang=- script=- | __gnu_cxx
[0xaa76] ascii    len=  12 3.02 lang=- script=Latin | unsigned int
[0xaa83] ascii    len=   9 2.95 lang=- script=- | _S_single
[0xaa8d] ascii    len=   8 2.75 lang=- script=- | _S_mutex
[0xaa96] ascii    len=   9 2.95 lang=- script=- | _S_atomic
[0xaaa0] ascii    len=  12 3.08 lang=- script=- | _Lock_policy
[0xaaad] ascii    len=  13 3.18 lang=- script=Latin | unsigned long
[0xaabb] ascii    len=   6 2.58 lang=- script=- | size_t
[0xaac2] ascii    len=   7 1.95 lang=- script=- | __cxx11
[0xaaca] ascii    len=  65 4.00 lang=- script=- | basic_string<char, std::char_traits<char>, std::allocator<char> >
[0xab10] ascii    len=  14 3.38 lang=- script=- | ~new_allocator
[0xab1f] ascii    len=  96 4.56 lang=- script=- | _ZNK9__gnu_cxx13new_allocatorINSt7__cxx1112basic_stringIcSt11char_traitsIcESaIcEEEE7addressERS6_
[0xab80] ascii    len=   7 2.24 lang=- script=Latin | address
[0xab88] ascii    len=  97 4.58 lang=- script=- | _ZNK9__gnu_cxx13new_allocatorINSt7__cxx1112basic_stringIcSt11char_traitsIcESaIcEEEE7addressERKS6_
[0xabea] ascii    len=  13 3.24 lang=- script=- | const_pointer
[0xabf8] ascii    len=  15 2.97 lang=- script=- | const_reference
[0xac08] ascii    len=  96 4.57 lang=- script=- | _ZN9__gnu_cxx13new_allocatorINSt7__cxx1112basic_stringIcSt11char_traitsIcESaIcEEEE8allocateEmPKv
[0xac69] ascii    len=   9 2.95 lang=- script=- | size_type
[0xac73] ascii    len= 100 4.56 lang=- script=- | _ZN9__gnu_cxx13new_allocatorINSt7__cxx1112basic_stringIcSt11char_traitsIcESaIcEEEE10deallocateEPS6_m
[0xacd8] ascii    len=  94 4.57 lang=- script=- | _ZNK9__gnu_cxx13new_allocatorINSt7__cxx1112basic_stringIcSt11char_traitsIcESaIcEEEE8max_sizeEv
[0xad37] ascii    len=  98 4.52 lang=- script=- | _ZNK9__gnu_cxx13new_allocatorINSt7__cxx1112basic_stringIcSt11char_traitsIcESaIcEEEE11_M_max_sizeEv
[0xad9a] ascii    len=  11 3.03 lang=- script=- | _M_max_size
[0xada6] ascii    len=  95 4.23 lang=- script=- | new_allocator<std::__cxx11::basic_string<char, std::char_traits<char>, std::allocator<char> > >
[0xae06] ascii    len=  98 4.18 lang=- script=- | __allocator_base<std::__cxx11::basic_string<char, std::char_traits<char>, std::allocator<char> > >
[0xae69] ascii    len=  67 4.17 lang=- script=- | _ZNSaINSt7__cxx1112basic_stringIcSt11char_traitsIcESaIcEEEEaSERKS5_
[0xaead] ascii    len=   9 2.73 lang=- script=Latin | operator=
[0xaeb7] ascii    len=  10 2.72 lang=- script=Latin | ~allocator
[0xaec2] ascii    len=   6 2.25 lang=- script=- | _Alloc
[0xaec9] ascii    len=   7 2.52 lang=- script=- | _M_impl
[0xaed1] ascii    len=  96 4.31 lang=- script=- | _ZNSt16allocator_traitsISaINSt7__cxx1112basic_stringIcSt11char_traitsIcESaIcEEEEE8allocateERS6_m
[0xaf32] ascii    len=  14 3.24 lang=- script=- | allocator_type
[0xaf41] ascii    len=  99 4.42 lang=- script=- | _ZNSt16allocator_traitsISaINSt7__cxx1112basic_stringIcSt11char_traitsIcESaIcEEEEE8allocateERS6_mPKv
[0xafa5] ascii    len=  18 3.46 lang=- script=- | const_void_pointer
[0xafb8] ascii    len= 103 4.42 lang=- script=- | _ZNSt16allocator_traitsISaINSt7__cxx1112basic_stringIcSt11char_traitsIcESaIcEEEEE10deallocateERS6_PS5_m
[0xb020] ascii    len=  96 4.39 lang=- script=- | _ZNSt16allocator_traitsISaINSt7__cxx1112basic_stringIcSt11char_traitsIcESaIcEEEEE8max_sizeERKS6_
[0xb081] ascii    len= 126 4.41 lang=- script=- | _ZNSt16allocator_traitsISaINSt7__cxx1112basic_stringIcSt11char_traitsIcESaIcEEEEE37select_on_container_copy_constructionERKS6_
[0xb100] ascii    len=  37 3.55 lang=- script=- | select_on_container_copy_construction
[0xb126] ascii    len= 115 4.08 lang=- script=- | allocator_traits<std::allocator<std::__cxx11::basic_string<char, std::char_traits<char>, std::allocator<char> > > >
[0xb19a] ascii    len= 115 4.43 lang=- script=- | _ZN9__gnu_cxx14__alloc_traitsISaINSt7__cxx1112basic_stringIcSt11char_traitsIcESaIcEEEES6_E17_S_select_on_copyERKS7_
[0xb20e] ascii    len=  17 3.26 lang=- script=- | _S_select_on_copy
[0xb220] ascii    len= 110 4.38 lang=- script=- | _ZN9__gnu_cxx14__alloc_traitsISaINSt7__cxx1112basic_stringIcSt11char_traitsIcESaIcEEEES6_E10_S_on_swapERS7_S9_
[0xb28f] ascii    len=  10 2.85 lang=- script=- | _S_on_swap
[0xb29a] ascii    len= 121 4.43 lang=- script=- | _ZN9__gnu_cxx14__alloc_traitsISaINSt7__cxx1112basic_stringIcSt11char_traitsIcESaIcEEEES6_E27_S_propagate_on_copy_assignEv
[0xb314] ascii    len=  27 3.57 lang=- script=- | _S_propagate_on_copy_assign
[0xb330] ascii    len= 121 4.46 lang=- script=- | _ZN9__gnu_cxx14__alloc_traitsISaINSt7__cxx1112basic_stringIcSt11char_traitsIcESaIcEEEES6_E27_S_propagate_on_move_assignEv
[0xb3aa] ascii    len=  27 3.60 lang=- script=- | _S_propagate_on_move_assign
[0xb3c6] ascii    len= 114 4.45 lang=- script=- | _ZN9__gnu_cxx14__alloc_traitsISaINSt7__cxx1112basic_stringIcSt11char_traitsIcESaIcEEEES6_E20_S_propagate_on_swapEv
[0xb439] ascii    len=  20 3.35 lang=- script=- | _S_propagate_on_swap
[0xb44e] ascii    len= 109 4.44 lang=- script=- | _ZN9__gnu_cxx14__alloc_traitsISaINSt7__cxx1112basic_stringIcSt11char_traitsIcESaIcEEEES6_E15_S_always_equalEv
[0xb4bc] ascii    len=  15 3.14 lang=- script=- | _S_always_equal
[0xb4cc] ascii    len= 109 4.47 lang=- script=- | _ZN9__gnu_cxx14__alloc_traitsISaINSt7__cxx1112basic_stringIcSt11char_traitsIcESaIcEEEES6_E15_S_nothrow_moveEv
[0xb53a] ascii    len=  15 3.27 lang=- script=- | _S_nothrow_move
[0xb54a] ascii    len= 194 4.13 lang=- script=- | __alloc_traits<std::allocator<std::__cxx11::basic_string<char, std::char_traits<char>, std::allocator<char> > >, std::__cxx11::basic_string<char, std::char_traits<char>, std::allocator<char> > >
[0xb60d] ascii    len=  88 4.22 lang=- script=- | rebind<std::__cxx11::basic_string<char, std::char_traits<char>, std::allocator<char> > >
[0xb666] ascii    len=  94 4.23 lang=- script=- | rebind_alloc<std::__cxx11::basic_string<char, std::char_traits<char>, std::allocator<char> > >
[0xb6c5] ascii    len=   5 2.32 lang=- script=- | other
[0xb6cb] ascii    len=  14 3.18 lang=- script=- | _Tp_alloc_type
[0xb6da] ascii    len=   8 2.50 lang=- script=- | _M_start
[0xb6e3] ascii    len=   9 2.73 lang=- script=- | _M_finish
[0xb6ed] ascii    len=  17 3.38 lang=- script=- | _M_end_of_storage
[0xb6ff] ascii    len=  17 3.57 lang=- script=- | _Vector_impl_data
[0xb711] ascii    len= 119 4.51 lang=- script=- | _ZNSt12_Vector_baseINSt7__cxx1112basic_stringIcSt11char_traitsIcESaIcEEESaIS5_EE17_Vector_impl_data12_M_copy_dataERKS8_
[0xb789] ascii    len=  12 3.02 lang=- script=- | _M_copy_data
[0xb796] ascii    len= 118 4.46 lang=- script=- | _ZNSt12_Vector_baseINSt7__cxx1112basic_stringIcSt11char_traitsIcESaIcEEESaIS5_EE17_Vector_impl_data12_M_swap_dataERS8_
[0xb80d] ascii    len=  12 2.79 lang=- script=- | _M_swap_data
[0xb81a] ascii    len= 103 4.44 lang=- script=- | _ZNSt12_Vector_baseINSt7__cxx1112basic_stringIcSt11char_traitsIcESaIcEEESaIS5_EE19_M_get_Tp_allocatorEv
[0xb882] ascii    len=  19 3.41 lang=- script=- | _M_get_Tp_allocator
[0xb896] ascii    len= 104 4.47 lang=- script=- | _ZNKSt12_Vector_baseINSt7__cxx1112basic_stringIcSt11char_traitsIcESaIcEEESaIS5_EE19_M_get_Tp_allocatorEv
[0xb8ff] ascii    len=  98 4.40 lang=- script=- | _ZNKSt12_Vector_baseINSt7__cxx1112basic_stringIcSt11char_traitsIcESaIcEEESaIS5_EE13get_allocatorEv
[0xb962] ascii    len=  13 3.09 lang=- script=- | get_allocator
[0xb970] ascii    len=  13 3.39 lang=- script=- | ~_Vector_base
[0xb97e] ascii    len=  95 4.32 lang=- script=- | _ZNSt12_Vector_baseINSt7__cxx1112basic_stringIcSt11char_traitsIcESaIcEEESaIS5_EE11_M_allocateEm
[0xb9de] ascii    len=  11 2.91 lang=- script=- | _M_allocate
[0xb9ea] ascii    len= 101 4.45 lang=- script=- | _ZNSt12_Vector_baseINSt7__cxx1112basic_stringIcSt11char_traitsIcESaIcEEESaIS5_EE13_M_deallocateEPS5_m
[0xba50] ascii    len=  13 3.09 lang=- script=- | _M_deallocate
[0xba5e] ascii    len= 101 4.30 lang=- script=- | _ZNSt12_Vector_baseINSt7__cxx1112basic_stringIcSt11char_traitsIcESaIcEEESaIS5_EE17_M_create_storageEm
[0xbac4] ascii    len=  17 3.18 lang=- script=- | _M_create_storage
[0xbad6] ascii    len= 192 4.20 lang=- script=- | _Vector_base<std::__cxx11::basic_string<char, std::char_traits<char>, std::allocator<char> >, std::allocator<std::__cxx11::basic_string<char, std::char_traits<char>, std::allocator<char> > > >
[0xbb97] ascii    len= 123 4.43 lang=- script=- | _ZNSt6vectorINSt7__cxx1112basic_stringIcSt11char_traitsIcESaIcEEESaIS5_EE19_S_nothrow_relocateESt17integral_constantIbLb1EE
[0xbc13] ascii    len=  19 3.43 lang=- script=- | _S_nothrow_relocate
[0xbc2b] ascii    len=  37 4.34 lang=- script=- | _ZNKSt17integral_constantIbLb1EEcvbEv
[0xbc51] ascii    len=  13 2.93 lang=- script=Latin | operator bool
[0xbc5f] ascii    len=  10 3.12 lang=- script=- | value_type
[0xbc6a] ascii    len=  36 4.35 lang=- script=- | _ZNKSt17integral_constantIbLb1EEclEv
[0xbc8f] ascii    len=  10 2.92 lang=- script=- | operator()
[0xbc9a] ascii    len=  29 3.98 lang=- script=- | integral_constant<bool, true>
[0xbcb8] ascii    len=   9 2.73 lang=- script=- | true_type
[0xbcc2] ascii    len= 123 4.46 lang=- script=- | _ZNSt6vectorINSt7__cxx1112basic_stringIcSt11char_traitsIcESaIcEEESaIS5_EE19_S_nothrow_relocateESt17integral_constantIbLb0EE
[0xbd3e] ascii    len=  37 4.39 lang=- script=- | _ZNKSt17integral_constantIbLb0EEcvbEv
[0xbd64] ascii    len=  36 4.41 lang=- script=- | _ZNKSt17integral_constantIbLb0EEclEv
[0xbd89] ascii    len=  30 3.98 lang=- script=- | integral_constant<bool, false>
[0xbda8] ascii    len=  10 3.12 lang=- script=- | false_type
[0xbdb3] ascii    len=  92 4.34 lang=- script=- | _ZNSt6vectorINSt7__cxx1112basic_stringIcSt11char_traitsIcESaIcEEESaIS5_EE15_S_use_relocateEv
[0xbe10] ascii    len=  15 3.27 lang=- script=- | _S_use_relocate
[0xbe20] ascii    len= 132 4.50 lang=- script=- | _ZNSt6vectorINSt7__cxx1112basic_stringIcSt11char_traitsIcESaIcEEESaIS5_EE14_S_do_relocateEPS5_S8_S8_RS6_St17integral_constantIbLb1EE
[0xbea5] ascii    len=  14 3.18 lang=- script=- | _S_do_relocate
[0xbeb4] ascii    len= 132 4.53 lang=- script=- | _ZNSt6vectorINSt7__cxx1112basic_stringIcSt11char_traitsIcESaIcEEESaIS5_EE14_S_do_relocateEPS5_S8_S8_RS6_St17integral_constantIbLb0EE
[0xbf39] ascii    len= 101 4.35 lang=- script=- | _ZNSt6vectorINSt7__cxx1112basic_stringIcSt11char_traitsIcESaIcEEESaIS5_EE11_S_relocateEPS5_S8_S8_RS6_
[0xbf9f] ascii    len=  11 3.10 lang=- script=- | _S_relocate
[0xbfab] ascii    len=  98 4.22 lang=- script=- | initializer_list<std::__cxx11::basic_string<char, std::char_traits<char>, std::allocator<char> > >
[0xc00e] ascii    len=   7 2.81 lang=- script=Latin | ~vector
[0xc016] ascii    len=  81 4.30 lang=- script=- | _ZNSt6vectorINSt7__cxx1112basic_stringIcSt11char_traitsIcESaIcEEESaIS5_EEaSERKS7_
[0xc068] ascii    len=  80 4.26 lang=- script=- | _ZNSt6vectorINSt7__cxx1112basic_stringIcSt11char_traitsIcESaIcEEESaIS5_EEaSEOS7_
[0xc0b9] ascii    len= 101 4.30 lang=- script=- | _ZNSt6vectorINSt7__cxx1112basic_stringIcSt11char_traitsIcESaIcEEESaIS5_EEaSESt16initializer_listIS5_E
[0xc11f] ascii    len=  87 4.41 lang=- script=- | _ZNSt6vectorINSt7__cxx1112basic_stringIcSt11char_traitsIcESaIcEEESaIS5_EE6assignEmRKS5_
[0xc177] ascii    len= 106 4.34 lang=- script=- | _ZNSt6vectorINSt7__cxx1112basic_stringIcSt11char_traitsIcESaIcEEESaIS5_EE6assignESt16initializer_listIS5_E
[0xc1e2] ascii    len=  81 4.35 lang=- script=- | _ZNSt6vectorINSt7__cxx1112basic_stringIcSt11char_traitsIcESaIcEEESaIS5_EE5beginEv
[0xc234] ascii    len=   9 2.73 lang=- script=- | _Iterator
[0xc23e] ascii    len=  10 3.12 lang=- script=- | _Container
[0xc249] ascii    len=  10 2.92 lang=- script=- | _M_current
[0xc254] ascii    len=  17 3.18 lang=- script=- | __normal_iterator
[0xc266] ascii    len= 113 4.50 lang=- script=- | _ZNK9__gnu_cxx17__normal_iteratorIPNSt7__cxx1112basic_stringIcSt11char_traitsIcESaIcEEESt6vectorIS6_SaIS6_EEEdeEv
[0xc2d8] ascii    len=   9 2.73 lang=- script=Latin | operator*
[0xc2e2] ascii    len=  98 4.16 lang=- script=- | iterator_traits<std::__cxx11::basic_string<char, std::char_traits<char>, std::allocator<char> > *>
[0xc345] ascii    len= 113 4.48 lang=- script=- | _ZNK9__gnu_cxx17__normal_iteratorIPNSt7__cxx1112basic_stringIcSt11char_traitsIcESaIcEEESt6vectorIS6_SaIS6_EEEptEv
[0xc3b7] ascii    len=  10 2.92 lang=- script=- | operator->
[0xc3c2] ascii    len= 112 4.47 lang=- script=- | _ZN9__gnu_cxx17__normal_iteratorIPNSt7__cxx1112basic_stringIcSt11char_traitsIcESaIcEEESt6vectorIS6_SaIS6_EEEppEv
[0xc433] ascii    len=  10 2.72 lang=- script=Latin | operator++
[0xc43e] ascii    len= 112 4.46 lang=- script=- | _ZN9__gnu_cxx17__normal_iteratorIPNSt7__cxx1112basic_stringIcSt11char_traitsIcESaIcEEESt6vectorIS6_SaIS6_EEEppEi
[0xc4af] ascii    len= 112 4.45 lang=- script=- | _ZN9__gnu_cxx17__normal_iteratorIPNSt7__cxx1112basic_stringIcSt11char_traitsIcESaIcEEESt6vectorIS6_SaIS6_EEEmmEv
[0xc520] ascii    len=  10 2.72 lang=- script=Latin | operator--
[0xc52b] ascii    len= 112 4.43 lang=- script=- | _ZN9__gnu_cxx17__normal_iteratorIPNSt7__cxx1112basic_stringIcSt11char_traitsIcESaIcEEESt6vectorIS6_SaIS6_EEEmmEi
[0xc59c] ascii    len= 113 4.46 lang=- script=- | _ZNK9__gnu_cxx17__normal_iteratorIPNSt7__cxx1112basic_stringIcSt11char_traitsIcESaIcEEESt6vectorIS6_SaIS6_EEEixEl
[0xc60e] ascii    len=  10 2.92 lang=- script=- | operator[]
[0xc619] ascii    len=   9 2.73 lang=- script=- | ptrdiff_t
[0xc623] ascii    len=  15 3.24 lang=- script=- | difference_type
[0xc633] ascii    len= 112 4.49 lang=- script=- | _ZN9__gnu_cxx17__normal_iteratorIPNSt7__cxx1112basic_stringIcSt11char_traitsIcESaIcEEESt6vectorIS6_SaIS6_EEEpLEl
[0xc6a4] ascii    len=  10 2.92 lang=- script=Latin | operator+=
[0xc6af] ascii    len= 113 4.50 lang=- script=- | _ZNK9__gnu_cxx17__normal_iteratorIPNSt7__cxx1112basic_stringIcSt11char_traitsIcESaIcEEESt6vectorIS6_SaIS6_EEEplEl
[0xc721] ascii    len=   9 2.73 lang=- script=Latin | operator+
[0xc72b] ascii    len= 112 4.43 lang=- script=- | _ZN9__gnu_cxx17__normal_iteratorIPNSt7__cxx1112basic_stringIcSt11char_traitsIcESaIcEEESt6vectorIS6_SaIS6_EEEmIEl
[0xc79c] ascii    len=  10 2.92 lang=- script=Latin | operator-=
[0xc7a7] ascii    len= 113 4.47 lang=- script=- | _ZNK9__gnu_cxx17__normal_iteratorIPNSt7__cxx1112basic_stringIcSt11char_traitsIcESaIcEEESt6vectorIS6_SaIS6_EEEmiEl
[0xc819] ascii    len=   9 2.73 lang=- script=Latin | operator-
[0xc823] ascii    len= 116 4.51 lang=- script=- | _ZNK9__gnu_cxx17__normal_iteratorIPNSt7__cxx1112basic_stringIcSt11char_traitsIcESaIcEEESt6vectorIS6_SaIS6_EEE4baseEv
[0xc898] ascii    len= 294 4.22 lang=- script=- | __normal_iterator<std::__cxx11::basic_string<char, std::char_traits<char>, std::allocator<char> > *, std::vector<std::__cxx11::basic_string<char, std::char_traits<char>, std::allocator<char> >, std::allocator<std::__cxx11::basic_string<char, std::char_traits<char>, std::allocator<char> > > > >
[0xc9bf] ascii    len=  82 4.39 lang=- script=- | _ZNKSt6vectorINSt7__cxx1112basic_stringIcSt11char_traitsIcESaIcEEESaIS5_EE5beginEv
[0xca12] ascii    len= 300 4.23 lang=- script=- | __normal_iterator<const std::__cxx11::basic_string<char, std::char_traits<char>, std::allocator<char> > *, std::vector<std::__cxx11::basic_string<char, std::char_traits<char>, std::allocator<char> >, std::allocator<std::__cxx11::basic_string<char, std::char_traits<char>, std::allocator<char> > > > >
[0xcb3f] ascii    len=  14 3.18 lang=- script=- | const_iterator
[0xcb4e] ascii    len=  79 4.38 lang=- script=- | _ZNSt6vectorINSt7__cxx1112basic_stringIcSt11char_traitsIcESaIcEEESaIS5_EE3endEv
[0xcb9e] ascii    len=  80 4.42 lang=- script=- | _ZNKSt6vectorINSt7__cxx1112basic_stringIcSt11char_traitsIcESaIcEEESaIS5_EE3endEv
[0xcbef] ascii    len=  82 4.34 lang=- script=- | _ZNSt6vectorINSt7__cxx1112basic_stringIcSt11char_traitsIcESaIcEEESaIS5_EE6rbeginEv
[0xcc42] ascii    len= 324 4.28 lang=- script=- | reverse_iterator<__gnu_cxx::__normal_iterator<std::__cxx11::basic_string<char, std::char_traits<char>, std::allocator<char> > *, std::vector<std::__cxx11::basic_string<char, std::char_traits<char>, std::allocator<char> >, std::allocator<std::__cxx11::basic_string<char, std::char_traits<char>, std::allocator<char> > > > > >
[0xcd87] ascii    len=  83 4.39 lang=- script=- | _ZNKSt6vectorINSt7__cxx1112basic_stringIcSt11char_traitsIcESaIcEEESaIS5_EE6rbeginEv
[0xcddb] ascii    len= 330 4.28 lang=- script=- | reverse_iterator<__gnu_cxx::__normal_iterator<const std::__cxx11::basic_string<char, std::char_traits<char>, std::allocator<char> > *, std::vector<std::__cxx11::basic_string<char, std::char_traits<char>, std::allocator<char> >, std::allocator<std::__cxx11::basic_string<char, std::char_traits<char>, std::allocator<char> > > > > >
[0xcf26] ascii    len=  22 3.24 lang=- script=- | const_reverse_iterator
[0xcf3d] ascii    len=  80 4.37 lang=- script=- | _ZNSt6vectorINSt7__cxx1112basic_stringIcSt11char_traitsIcESaIcEEESaIS5_EE4rendEv
[0xcf8e] ascii    len=  81 4.41 lang=- script=- | _ZNKSt6vectorINSt7__cxx1112basic_stringIcSt11char_traitsIcESaIcEEESaIS5_EE4rendEv
[0xcfe0] ascii    len=  83 4.38 lang=- script=- | _ZNKSt6vectorINSt7__cxx1112basic_stringIcSt11char_traitsIcESaIcEEESaIS5_EE6cbeginEv
[0xd034] ascii    len=   6 2.58 lang=- script=Latin | cbegin
[0xd03b] ascii    len=  81 4.41 lang=- script=- | _ZNKSt6vectorINSt7__cxx1112basic_stringIcSt11char_traitsIcESaIcEEESaIS5_EE4cendEv
[0xd08d] ascii    len=   4 2.00 lang=- script=- | cend
[0xd092] ascii    len=  84 4.37 lang=- script=- | _ZNKSt6vectorINSt7__cxx1112basic_stringIcSt11char_traitsIcESaIcEEESaIS5_EE7crbeginEv
[0xd0e7] ascii    len=   7 2.81 lang=- script=Latin | crbegin
[0xd0ef] ascii    len=  82 4.38 lang=- script=- | _ZNKSt6vectorINSt7__cxx1112basic_stringIcSt11char_traitsIcESaIcEEESaIS5_EE5crendEv
[0xd142] ascii    len=   5 2.32 lang=- script=- | crend
[0xd148] ascii    len=  81 4.40 lang=- script=- | _ZNKSt6vectorINSt7__cxx1112basic_stringIcSt11char_traitsIcESaIcEEESaIS5_EE4sizeEv
[0xd19a] ascii    len=  85 4.44 lang=- script=- | _ZNKSt6vectorINSt7__cxx1112basic_stringIcSt11char_traitsIcESaIcEEESaIS5_EE8max_sizeEv
[0xd1f0] ascii    len=  82 4.37 lang=- script=- | _ZNSt6vectorINSt7__cxx1112basic_stringIcSt11char_traitsIcESaIcEEESaIS5_EE6resizeEm
[0xd243] ascii    len=   6 2.25 lang=- script=Latin | resize
[0xd24a] ascii    len=  87 4.45 lang=- script=- | _ZNSt6vectorINSt7__cxx1112basic_stringIcSt11char_traitsIcESaIcEEESaIS5_EE6resizeEmRKS5_
[0xd2a2] ascii    len=  90 4.39 lang=- script=- | _ZNSt6vectorINSt7__cxx1112basic_stringIcSt11char_traitsIcESaIcEEESaIS5_EE13shrink_to_fitEv
[0xd2fd] ascii    len=  85 4.38 lang=- script=- | _ZNKSt6vectorINSt7__cxx1112basic_stringIcSt11char_traitsIcESaIcEEESaIS5_EE8capacityEv
[0xd353] ascii    len=   8 2.50 lang=- script=Latin | capacity
[0xd35c] ascii    len=  82 4.45 lang=- script=- | _ZNKSt6vectorINSt7__cxx1112basic_stringIcSt11char_traitsIcESaIcEEESaIS5_EE5emptyEv
[0xd3af] ascii    len=   5 2.32 lang=- script=- | empty
[0xd3b5] ascii    len=  83 4.34 lang=- script=- | _ZNSt6vectorINSt7__cxx1112basic_stringIcSt11char_traitsIcESaIcEEESaIS5_EE7reserveEm
[0xd409] ascii    len=   7 1.84 lang=- script=Latin | reserve
[0xd411] ascii    len=  77 4.29 lang=- script=- | _ZNSt6vectorINSt7__cxx1112basic_stringIcSt11char_traitsIcESaIcEEESaIS5_EEixEm
[0xd45f] ascii    len=  78 4.33 lang=- script=- | _ZNKSt6vectorINSt7__cxx1112basic_stringIcSt11char_traitsIcESaIcEEESaIS5_EEixEm
[0xd4ae] ascii    len=  92 4.45 lang=- script=- | _ZNKSt6vectorINSt7__cxx1112basic_stringIcSt11char_traitsIcESaIcEEESaIS5_EE14_M_range_checkEm
[0xd50b] ascii    len=  14 3.18 lang=- script=- | _M_range_check
[0xd51a] ascii    len=  78 4.28 lang=- script=- | _ZNSt6vectorINSt7__cxx1112basic_stringIcSt11char_traitsIcESaIcEEESaIS5_EE2atEm
[0xd569] ascii    len=  79 4.32 lang=- script=- | _ZNKSt6vectorINSt7__cxx1112basic_stringIcSt11char_traitsIcESaIcEEESaIS5_EE2atEm
[0xd5b9] ascii    len=  81 4.34 lang=- script=- | _ZNSt6vectorINSt7__cxx1112basic_stringIcSt11char_traitsIcESaIcEEESaIS5_EE5frontEv
[0xd60b] ascii    len=   5 2.32 lang=- script=- | front
[0xd611] ascii    len=  82 4.38 lang=- script=- | _ZNKSt6vectorINSt7__cxx1112basic_stringIcSt11char_traitsIcESaIcEEESaIS5_EE5frontEv
[0xd664] ascii    len=  80 4.34 lang=- script=- | _ZNSt6vectorINSt7__cxx1112basic_stringIcSt11char_traitsIcESaIcEEESaIS5_EE4backEv
[0xd6b5] ascii    len=  81 4.38 lang=- script=- | _ZNKSt6vectorINSt7__cxx1112basic_stringIcSt11char_traitsIcESaIcEEESaIS5_EE4backEv
[0xd707] ascii    len=  80 4.31 lang=- script=- | _ZNSt6vectorINSt7__cxx1112basic_stringIcSt11char_traitsIcESaIcEEESaIS5_EE4dataEv
[0xd758] ascii    len=  81 4.36 lang=- script=- | _ZNKSt6vectorINSt7__cxx1112basic_stringIcSt11char_traitsIcESaIcEEESaIS5_EE4dataEv
[0xd7aa] ascii    len=  89 4.49 lang=- script=- | _ZNSt6vectorINSt7__cxx1112basic_stringIcSt11char_traitsIcESaIcEEESaIS5_EE9push_backERKS5_
[0xd804] ascii    len=   9 3.17 lang=- script=- | push_back
[0xd80e] ascii    len=  88 4.45 lang=- script=- | _ZNSt6vectorINSt7__cxx1112basic_stringIcSt11char_traitsIcESaIcEEESaIS5_EE9push_backEOS5_
[0xd867] ascii    len=  84 4.41 lang=- script=- | _ZNSt6vectorINSt7__cxx1112basic_stringIcSt11char_traitsIcESaIcEEESaIS5_EE8pop_backEv
[0xd8bc] ascii    len=   8 2.75 lang=- script=- | pop_back
[0xd8c5] ascii    len= 126 4.53 lang=- script=- | _ZNSt6vectorINSt7__cxx1112basic_stringIcSt11char_traitsIcESaIcEEESaIS5_EE6insertEN9__gnu_cxx17__normal_iteratorIPKS5_S7_EERSA_
[0xd944] ascii    len= 126 4.51 lang=- script=- | _ZNSt6vectorINSt7__cxx1112basic_stringIcSt11char_traitsIcESaIcEEESaIS5_EE6insertEN9__gnu_cxx17__normal_iteratorIPKS5_S7_EEOS5_
[0xd9c3] ascii    len= 147 4.50 lang=- script=- | _ZNSt6vectorINSt7__cxx1112basic_stringIcSt11char_traitsIcESaIcEEESaIS5_EE6insertEN9__gnu_cxx17__normal_iteratorIPKS5_S7_EESt16initializer_listIS5_E
[0xda57] ascii    len= 127 4.55 lang=- script=- | _ZNSt6vectorINSt7__cxx1112basic_stringIcSt11char_traitsIcESaIcEEESaIS5_EE6insertEN9__gnu_cxx17__normal_iteratorIPKS5_S7_EEmRSA_
[0xdad7] ascii    len= 121 4.48 lang=- script=- | _ZNSt6vectorINSt7__cxx1112basic_stringIcSt11char_traitsIcESaIcEEESaIS5_EE5eraseEN9__gnu_cxx17__normal_iteratorIPKS5_S7_EE
[0xdb51] ascii    len= 124 4.49 lang=- script=- | _ZNSt6vectorINSt7__cxx1112basic_stringIcSt11char_traitsIcESaIcEEESaIS5_EE5eraseEN9__gnu_cxx17__normal_iteratorIPKS5_S7_EESC_
[0xdbce] ascii    len=  83 4.40 lang=- script=- | _ZNSt6vectorINSt7__cxx1112basic_stringIcSt11char_traitsIcESaIcEEESaIS5_EE4swapERS7_
[0xdc22] ascii    len=  81 4.31 lang=- script=- | _ZNSt6vectorINSt7__cxx1112basic_stringIcSt11char_traitsIcESaIcEEESaIS5_EE5clearEv
[0xdc74] ascii    len=   5 2.32 lang=- script=- | clear
[0xdc7a] ascii    len= 100 4.54 lang=- script=- | _ZNSt6vectorINSt7__cxx1112basic_stringIcSt11char_traitsIcESaIcEEESaIS5_EE18_M_fill_initializeEmRKS5_
[0xdcdf] ascii    len=  18 3.00 lang=- script=- | _M_fill_initialize
[0xdcf2] ascii    len=  98 4.51 lang=- script=- | _ZNSt6vectorINSt7__cxx1112basic_stringIcSt11char_traitsIcESaIcEEESaIS5_EE21_M_default_initializeEm
[0xdd55] ascii    len=  21 3.40 lang=- script=- | _M_default_initialize
[0xdd6b] ascii    len=  96 4.53 lang=- script=- | _ZNSt6vectorINSt7__cxx1112basic_stringIcSt11char_traitsIcESaIcEEESaIS5_EE14_M_fill_assignEmRKS5_
[0xddcc] ascii    len=  14 3.04 lang=- script=- | _M_fill_assign
[0xdddb] ascii    len= 136 4.59 lang=- script=- | _ZNSt6vectorINSt7__cxx1112basic_stringIcSt11char_traitsIcESaIcEEESaIS5_EE14_M_fill_insertEN9__gnu_cxx17__normal_iteratorIPS5_S7_EEmRKS5_
[0xde64] ascii    len=  14 3.18 lang=- script=- | _M_fill_insert
[0xde73] ascii    len=  94 4.55 lang=- script=- | _ZNSt6vectorINSt7__cxx1112basic_stringIcSt11char_traitsIcESaIcEEESaIS5_EE17_M_default_appendEm
[0xded2] ascii    len=  17 3.34 lang=- script=- | _M_default_append
[0xdee4] ascii    len=  93 4.38 lang=- script=- | _ZNSt6vectorINSt7__cxx1112basic_stringIcSt11char_traitsIcESaIcEEESaIS5_EE16_M_shrink_to_fitEv
[0xdf42] ascii    len=  16 3.25 lang=- script=- | _M_shrink_to_fit
[0xdf53] ascii    len= 135 4.54 lang=- script=- | _ZNSt6vectorINSt7__cxx1112basic_stringIcSt11char_traitsIcESaIcEEESaIS5_EE14_M_insert_rvalEN9__gnu_cxx17__normal_iteratorIPKS5_S7_EEOS5_
[0xdfdb] ascii    len=  14 3.32 lang=- script=- | _M_insert_rval
[0xdfea] ascii    len= 135 4.58 lang=- script=- | _ZNSt6vectorINSt7__cxx1112basic_stringIcSt11char_traitsIcESaIcEEESaIS5_EE14_M_emplace_auxEN9__gnu_cxx17__normal_iteratorIPKS5_S7_EEOS5_
[0xe072] ascii    len=  14 3.18 lang=- script=- | _M_emplace_aux
[0xe081] ascii    len=  93 4.50 lang=- script=- | _ZNKSt6vectorINSt7__cxx1112basic_stringIcSt11char_traitsIcESaIcEEESaIS5_EE12_M_check_lenEmPKc
[0xe0df] ascii    len=  12 2.86 lang=- script=- | _M_check_len
[0xe0ec] ascii    len=  99 4.44 lang=- script=- | _ZNSt6vectorINSt7__cxx1112basic_stringIcSt11char_traitsIcESaIcEEESaIS5_EE17_S_check_init_lenEmRKS6_
[0xe150] ascii    len=  17 3.15 lang=- script=- | _S_check_init_len
[0xe162] ascii    len=  92 4.37 lang=- script=- | _ZNSt6vectorINSt7__cxx1112basic_stringIcSt11char_traitsIcESaIcEEESaIS5_EE11_S_max_sizeERKS6_
[0xe1bf] ascii    len=  11 3.03 lang=- script=- | _S_max_size
[0xe1cb] ascii    len=  95 4.35 lang=- script=- | _ZNSt6vectorINSt7__cxx1112basic_stringIcSt11char_traitsIcESaIcEEESaIS5_EE15_M_erase_at_endEPS5_
[0xe22b] ascii    len=  15 2.92 lang=- script=- | _M_erase_at_end
[0xe23b] ascii    len= 123 4.48 lang=- script=- | _ZNSt6vectorINSt7__cxx1112basic_stringIcSt11char_traitsIcESaIcEEESaIS5_EE8_M_eraseEN9__gnu_cxx17__normal_iteratorIPS5_S7_EE
[0xe2b7] ascii    len=   8 2.50 lang=- script=- | _M_erase
[0xe2c0] ascii    len= 126 4.49 lang=- script=- | _ZNSt6vectorINSt7__cxx1112basic_stringIcSt11char_traitsIcESaIcEEESaIS5_EE8_M_eraseEN9__gnu_cxx17__normal_iteratorIPS5_S7_EESB_
[0xe33f] ascii    len= 122 4.50 lang=- script=- | _ZNSt6vectorINSt7__cxx1112basic_stringIcSt11char_traitsIcESaIcEEESaIS5_EE14_M_move_assignEOS7_St17integral_constantIbLb1EE
[0xe3ba] ascii    len=  14 3.32 lang=- script=- | _M_move_assign
[0xe3c9] ascii    len= 122 4.54 lang=- script=- | _ZNSt6vectorINSt7__cxx1112basic_stringIcSt11char_traitsIcESaIcEEESaIS5_EE14_M_move_assignEOS7_St17integral_constantIbLb0EE
[0xe444] ascii    len= 186 4.18 lang=- script=- | vector<std::__cxx11::basic_string<char, std::char_traits<char>, std::allocator<char> >, std::allocator<std::__cxx11::basic_string<char, std::char_traits<char>, std::allocator<char> > > >
[0xe4ff] ascii    len=   7 2.24 lang=- script=Latin | message
[0xe507] ascii    len=   6 2.58 lang=- script=- | string
[0xe50e] ascii    len=  31 4.39 lang=- script=- | _ZN10HelloWorld12printMessageEv
[0xe52e] ascii    len=  12 3.25 lang=- script=Latin | printMessage
[0xe53b] ascii    len=  30 4.16 lang=- script=- | _ZNK10HelloWorld10getCounterEv
[0xe55a] ascii    len=  10 2.92 lang=- script=Latin | getCounter
[0xe565] ascii    len=  14 2.81 lang=- script=- | default_delete
[0xe574] ascii    len=  43 4.23 lang=- script=- | _ZNKSt14default_deleteI10HelloWorldEclEPS0_
[0xe5a0] ascii    len=  26 3.47 lang=- script=- | default_delete<HelloWorld>
[0xe5bf] ascii    len=   4 1.50 lang=- script=- | _M_t
[0xe5c4] ascii    len=   9 2.95 lang=- script=- | _Elements
[0xe5ce] ascii    len=   4 2.00 lang=- script=- | _Idx
[0xe5d3] ascii    len=   5 2.32 lang=- script=- | _Head
[0xe5d9] ascii    len=  12 3.19 lang=- script=- | _M_head_impl
[0xe5e6] ascii    len=  10 2.72 lang=- script=- | _Head_base
[0xe5f1] ascii    len=  15 2.92 lang=- script=- | allocator_arg_t
[0xe601] ascii    len=  17 2.98 lang=- script=- | __uses_alloc_base
[0xe613] ascii    len=   4 1.50 lang=- script=- | _M_a
[0xe618] ascii    len=  32 4.30 lang=- script=- | _ZNSt13__uses_alloc05_SinkaSEPKv
[0xe639] ascii    len=   5 2.32 lang=- script=- | _Sink
[0xe63f] ascii    len=  13 3.03 lang=- script=- | __uses_alloc0
[0xe64d] ascii    len=  72 4.46 lang=- script=- | _ZNSt10_Head_baseILm1ESt14default_deleteI10HelloWorldELb1EE7_M_headERS3_
[0xe696] ascii    len=   7 2.52 lang=- script=- | _M_head
[0xe69e] ascii    len=  73 4.51 lang=- script=- | _ZNSt10_Head_baseILm1ESt14default_deleteI10HelloWorldELb1EE7_M_headERKS3_
[0xe6e8] ascii    len=  54 4.19 lang=- script=- | _Head_base<1UL, std::default_delete<HelloWorld>, true>
[0xe71f] ascii    len=  71 4.53 lang=- script=- | _ZNSt11_Tuple_implILm1EJSt14default_deleteI10HelloWorldEEE7_M_headERS3_
[0xe767] ascii    len=  72 4.57 lang=- script=- | _ZNSt11_Tuple_implILm1EJSt14default_deleteI10HelloWorldEEE7_M_headERKS3_
[0xe7b0] ascii    len=  11 2.91 lang=- script=- | _Tuple_impl
[0xe7bc] ascii    len=  66 4.49 lang=- script=- | _ZNSt11_Tuple_implILm1EJSt14default_deleteI10HelloWorldEEEaSERKS3_
[0xe7ff] ascii    len=  71 4.60 lang=- script=- | _ZNSt11_Tuple_implILm1EJSt14default_deleteI10HelloWorldEEE7_M_swapERS3_
[0xe847] ascii    len=   7 2.52 lang=- script=- | _M_swap
[0xe84f] ascii    len=  50 4.31 lang=- script=- | _Tuple_impl<1UL, std::default_delete<HelloWorld> >
[0xe882] ascii    len=  53 4.49 lang=- script=- | _ZNSt10_Head_baseILm0EP10HelloWorldLb0EE7_M_headERS2_
[0xe8b8] ascii    len=  54 4.54 lang=- script=- | _ZNSt10_Head_baseILm0EP10HelloWorldLb0EE7_M_headERKS2_
[0xe8ef] ascii    len=  36 4.13 lang=- script=- | _Head_base<0UL, HelloWorld *, false>
[0xe914] ascii    len=  75 4.55 lang=- script=- | _ZNSt11_Tuple_implILm0EJP10HelloWorldSt14default_deleteIS0_EEE7_M_headERS4_
[0xe960] ascii    len=  76 4.59 lang=- script=- | _ZNSt11_Tuple_implILm0EJP10HelloWorldSt14default_deleteIS0_EEE7_M_headERKS4_
[0xe9ad] ascii    len=  75 4.52 lang=- script=- | _ZNSt11_Tuple_implILm0EJP10HelloWorldSt14default_deleteIS0_EEE7_M_tailERS4_
[0xe9f9] ascii    len=   7 2.52 lang=- script=- | _M_tail
[0xea01] ascii    len=  10 3.12 lang=- script=- | _Inherited
[0xea0c] ascii    len=  76 4.56 lang=- script=- | _ZNSt11_Tuple_implILm0EJP10HelloWorldSt14default_deleteIS0_EEE7_M_tailERKS4_
[0xea59] ascii    len=  70 4.51 lang=- script=- | _ZNSt11_Tuple_implILm0EJP10HelloWorldSt14default_deleteIS0_EEEaSERKS4_
[0xeaa0] ascii    len=  75 4.62 lang=- script=- | _ZNSt11_Tuple_implILm0EJP10HelloWorldSt14default_deleteIS0_EEE7_M_swapERS4_
[0xeaec] ascii    len=  64 4.31 lang=- script=- | _Tuple_impl<0UL, HelloWorld *, std::default_delete<HelloWorld> >
[0xeb2d] ascii    len=  86 4.59 lang=- script=- | _ZNSt5tupleIJP10HelloWorldSt14default_deleteIS0_EEE31__nothrow_default_constructibleEv
[0xeb84] ascii    len=  31 3.90 lang=- script=- | __nothrow_default_constructible
[0xeba4] ascii    len=   5 2.32 lang=- script=- | tuple
[0xebaa] ascii    len=  59 4.37 lang=- script=- | _ZNSt5tupleIJP10HelloWorldSt14default_deleteIS0_EEEaSERKS4_
[0xebe6] ascii    len=   5 2.32 lang=- script=- | _Cond
[0xebec] ascii    len=   7 2.81 lang=- script=- | _Iftrue
[0xebf4] ascii    len=  10 2.92 lang=- script=- | __nonesuch
[0xebff] ascii    len=   8 2.75 lang=- script=- | _Iffalse
[0xec08] ascii    len= 110 4.31 lang=- script=- | conditional<true, const std::tuple<HelloWorld *, std::default_delete<HelloWorld> > &, const std::__nonesuch &>
[0xec77] ascii    len=  58 4.32 lang=- script=- | _ZNSt5tupleIJP10HelloWorldSt14default_deleteIS0_EEEaSEOS4_
[0xecb2] ascii    len= 100 4.34 lang=- script=- | conditional<true, std::tuple<HelloWorld *, std::default_delete<HelloWorld> > &&, std::__nonesuch &&>
[0xed17] ascii    len=  61 4.45 lang=- script=- | _ZNSt5tupleIJP10HelloWorldSt14default_deleteIS0_EEE4swapERS4_
[0xed55] ascii    len=  53 3.94 lang=- script=- | tuple<HelloWorld *, std::default_delete<HelloWorld> >
[0xed8b] ascii    len=  15 3.11 lang=- script=- | __uniq_ptr_impl
[0xeda3] ascii    len=  55 4.05 lang=- script=- | _Ptr<HelloWorld, std::default_delete<HelloWorld>, void>
[0xeddb] ascii    len=  66 4.46 lang=- script=- | _ZNSt15__uniq_ptr_implI10HelloWorldSt14default_deleteIS0_EEaSEOS3_
[0xee1e] ascii    len=  68 4.47 lang=- script=- | _ZNSt15__uniq_ptr_implI10HelloWorldSt14default_deleteIS0_EE6_M_ptrEv
[0xee63] ascii    len=   6 2.25 lang=- script=- | _M_ptr
[0xee6a] ascii    len=  69 4.52 lang=- script=- | _ZNKSt15__uniq_ptr_implI10HelloWorldSt14default_deleteIS0_EE6_M_ptrEv
[0xeeb0] ascii    len=  73 4.37 lang=- script=- | _ZNSt15__uniq_ptr_implI10HelloWorldSt14default_deleteIS0_EE10_M_deleterEv
[0xeefa] ascii    len=  10 2.65 lang=- script=- | _M_deleter
[0xef05] ascii    len=  74 4.42 lang=- script=- | _ZNKSt15__uniq_ptr_implI10HelloWorldSt14default_deleteIS0_EE10_M_deleterEv
[0xef50] ascii    len=  70 4.44 lang=- script=- | _ZNSt15__uniq_ptr_implI10HelloWorldSt14default_deleteIS0_EE5resetEPS0_
[0xef97] ascii    len=   5 1.92 lang=- script=- | reset
[0xef9d] ascii    len=  69 4.48 lang=- script=- | _ZNSt15__uniq_ptr_implI10HelloWorldSt14default_deleteIS0_EE7releaseEv
[0xefe3] ascii    len=   7 2.13 lang=- script=Latin | release
[0xefeb] ascii    len=  69 4.58 lang=- script=- | _ZNSt15__uniq_ptr_implI10HelloWorldSt14default_deleteIS0_EE4swapERS3_
[0xf031] ascii    len=  61 4.19 lang=- script=- | __uniq_ptr_impl<HelloWorld, std::default_delete<HelloWorld> >
[0xf06f] ascii    len=  15 3.11 lang=- script=- | __uniq_ptr_data
[0xf07f] ascii    len=  74 4.49 lang=- script=- | _ZNSt15__uniq_ptr_dataI10HelloWorldSt14default_deleteIS0_ELb1ELb1EEaSEOS3_
[0xf0ca] ascii    len=  72 4.13 lang=- script=- | __uniq_ptr_data<HelloWorld, std::default_delete<HelloWorld>, true, true>
[0xf113] ascii    len=  11 3.28 lang=- script=- | ~unique_ptr
[0xf11f] ascii    len=  61 4.39 lang=- script=- | _ZNSt10unique_ptrI10HelloWorldSt14default_deleteIS0_EEaSEOS3_
[0xf15d] ascii    len=  59 4.38 lang=- script=- | _ZNSt10unique_ptrI10HelloWorldSt14default_deleteIS0_EEaSEDn
[0xf199] ascii    len=  17 3.45 lang=- script=- | decltype(nullptr)
[0xf1ab] ascii    len=   9 2.73 lang=- script=- | nullptr_t
[0xf1b5] ascii    len=  59 4.38 lang=- script=- | _ZNKSt10unique_ptrI10HelloWorldSt14default_deleteIS0_EEdeEv
[0xf1f1] ascii    len=  47 3.89 lang=- script=- | __add_lvalue_reference_helper<HelloWorld, true>
[0xf221] ascii    len=  59 4.41 lang=- script=- | _ZNKSt10unique_ptrI10HelloWorldSt14default_deleteIS0_EEptEv
[0xf25d] ascii    len=  61 4.47 lang=- script=- | _ZNKSt10unique_ptrI10HelloWorldSt14default_deleteIS0_EE3getEv
[0xf29f] ascii    len=  69 4.26 lang=- script=- | _ZNSt10unique_ptrI10HelloWorldSt14default_deleteIS0_EE11get_deleterEv
[0xf2e5] ascii    len=  11 2.55 lang=- script=- | get_deleter
[0xf2f1] ascii    len=  12 2.75 lang=- script=- | deleter_type
[0xf2fe] ascii    len=  70 4.31 lang=- script=- | _ZNKSt10unique_ptrI10HelloWorldSt14default_deleteIS0_EE11get_deleterEv
[0xf345] ascii    len=  60 4.52 lang=- script=- | _ZNKSt10unique_ptrI10HelloWorldSt14default_deleteIS0_EEcvbEv
[0xf382] ascii    len=  64 4.39 lang=- script=- | _ZNSt10unique_ptrI10HelloWorldSt14default_deleteIS0_EE7releaseEv
[0xf3c3] ascii    len=  65 4.38 lang=- script=- | _ZNSt10unique_ptrI10HelloWorldSt14default_deleteIS0_EE5resetEPS0_
[0xf405] ascii    len=  64 4.53 lang=- script=- | _ZNSt10unique_ptrI10HelloWorldSt14default_deleteIS0_EE4swapERS3_
[0xf446] ascii    len=  62 4.44 lang=- script=- | _ZNSt10unique_ptrI10HelloWorldSt14default_deleteIS0_EEaSERKS3_
[0xf485] ascii    len=  56 4.12 lang=- script=- | unique_ptr<HelloWorld, std::default_delete<HelloWorld> >
[0xf4be] ascii    len=   7 2.52 lang=- script=- | __count
[0xf4c6] ascii    len=   7 2.52 lang=- script=- | __value
[0xf4ce] ascii    len=   5 1.92 lang=- script=- | __wch
[0xf4d4] ascii    len=   6 2.25 lang=- script=- | __wchb
[0xf4db] ascii    len=  19 3.01 lang=- script=- | __ARRAY_SIZE_TYPE__
[0xf4ef] ascii    len=  11 2.59 lang=- script=- | __mbstate_t
[0xf4fb] ascii    len=   6 2.25 lang=- script=- | wint_t
[0xf502] ascii    len=   6 2.58 lang=- script=- | fgetwc
[0xf509] ascii    len=   8 2.50 lang=- script=- | _IO_FILE
[0xf512] ascii    len=   6 2.25 lang=- script=- | __FILE
[0xf519] ascii    len=   6 2.58 lang=- script=- | fgetws
[0xf520] ascii    len=   7 2.81 lang=- script=- | wchar_t
[0xf528] ascii    len=   6 2.58 lang=- script=- | fputwc
[0xf52f] ascii    len=   6 2.58 lang=- script=- | fputws
[0xf536] ascii    len=   5 2.32 lang=- script=- | fwide
[0xf53c] ascii    len=  16 3.20 lang=- script=- | __isoc99_fwscanf
[0xf54d] ascii    len=   8 3.00 lang=- script=Latin | getwchar
[0xf556] ascii    len=   6 2.58 lang=- script=- | mbrlen
[0xf55d] ascii    len=   7 2.81 lang=- script=- | mbrtowc
[0xf565] ascii    len=   7 2.52 lang=- script=Latin | mbsinit
[0xf56d] ascii    len=   9 2.95 lang=- script=- | mbsrtowcs
[0xf577] ascii    len=   8 3.00 lang=- script=Latin | putwchar
[0xf580] ascii    len=  16 3.16 lang=- script=- | __isoc99_swscanf
[0xf591] ascii    len=   7 2.81 lang=- script=Latin | ungetwc
[0xf599] ascii    len=   9 2.95 lang=- script=- | vfwprintf
[0xf5a3] ascii    len=   9 2.95 lang=- script=- | gp_offset
[0xf5ad] ascii    len=   9 2.64 lang=- script=- | fp_offset
[0xf5b7] ascii    len=  17 3.18 lang=- script=- | overflow_arg_area
[0xf5c9] ascii    len=  13 2.66 lang=- script=- | reg_save_area
[0xf5d7] ascii    len=  13 2.78 lang=- script=- | __va_list_tag
[0xf5e5] ascii    len=  17 3.34 lang=- script=- | __isoc99_vfwscanf
[0xf5f7] ascii    len=   9 3.17 lang=- script=- | vswprintf
[0xf601] ascii    len=  17 3.29 lang=- script=- | __isoc99_vswscanf
[0xf613] ascii    len=   8 3.00 lang=- script=- | vwprintf
[0xf61c] ascii    len=  16 3.33 lang=- script=- | __isoc99_vwscanf
[0xf62d] ascii    len=   7 2.81 lang=- script=- | wcrtomb
[0xf635] ascii    len=   6 2.25 lang=- script=- | wcscat
[0xf63c] ascii    len=   6 2.25 lang=- script=- | wcscmp
[0xf643] ascii    len=   7 2.24 lang=- script=- | wcscoll
[0xf64b] ascii    len=   6 2.25 lang=- script=- | wcscpy
[0xf652] ascii    len=   7 2.24 lang=- script=- | wcscspn
[0xf65a] ascii    len=   8 3.00 lang=- script=Latin | wcsftime
[0xf666] ascii    len=   6 2.58 lang=- script=- | wcslen
[0xf66d] ascii    len=   7 2.52 lang=- script=- | wcsncat
[0xf675] ascii    len=   7 2.52 lang=- script=- | wcsncmp
[0xf67d] ascii    len=   7 2.52 lang=- script=- | wcsncpy
[0xf685] ascii    len=   9 2.95 lang=- script=- | wcsrtombs
[0xf68f] ascii    len=   6 2.25 lang=- script=- | wcsspn
[0xf696] ascii    len=   6 2.58 lang=- script=- | wcstod
[0xf69d] ascii    len=   6 2.58 lang=- script=- | wcstof
[0xf6a4] ascii    len=   5 2.32 lang=- script=- | float
[0xf6aa] ascii    len=   6 2.58 lang=- script=- | wcstok
[0xf6b1] ascii    len=   6 2.58 lang=- script=- | wcstol
[0xf6b8] ascii    len=   7 2.81 lang=- script=Latin | wcstoul
[0xf6c0] ascii    len=   7 2.81 lang=- script=- | wcsxfrm
[0xf6c8] ascii    len=   5 2.32 lang=- script=- | wctob
[0xf6ce] ascii    len=   7 2.13 lang=- script=- | wmemcmp
[0xf6d6] ascii    len=   7 2.52 lang=- script=- | wmemcpy
[0xf6de] ascii    len=   8 2.16 lang=- script=Latin | wmemmove
[0xf6e7] ascii    len=   7 2.24 lang=- script=Latin | wmemset
[0xf6ef] ascii    len=  15 3.19 lang=- script=- | __isoc99_wscanf
[0xf6ff] ascii    len=   6 2.25 lang=- script=- | wcschr
[0xf706] ascii    len=   7 2.81 lang=- script=- | wcspbrk
[0xf70e] ascii    len=   7 2.24 lang=- script=- | wcsrchr
[0xf716] ascii    len=   6 2.25 lang=- script=- | wcsstr
[0xf71d] ascii    len=   7 2.52 lang=- script=- | wmemchr
[0xf725] ascii    len=   7 2.81 lang=- script=- | wcstold
[0xf72d] ascii    len=  11 3.10 lang=- script=Latin | long double
[0xf739] ascii    len=   7 2.52 lang=- script=- | wcstoll
[0xf741] ascii    len=   8 2.75 lang=- script=Latin | wcstoull
[0xf74a] ascii    len=  18 3.13 lang=- script=Latin | unsigned long long
[0xf75d] ascii    len=  15 3.19 lang=- script=- | __exception_ptr
[0xf76d] ascii    len=  59 3.98 lang=- script=- | _ZSt17rethrow_exceptionNSt15__exception_ptr13exception_ptrE
[0xf7a9] ascii    len=  17 3.45 lang=- script=- | rethrow_exception
[0xf7bb] ascii    len=  11 2.66 lang=- script=- | __gnu_debug
[0xf7c7] ascii    len=   7 2.52 lang=- script=- | __debug
[0xf7cf] ascii    len=   8 2.16 lang=- script=- | __int8_t
[0xf7d8] ascii    len=   9 2.42 lang=- script=- | __int16_t
[0xf7e2] ascii    len=   9 2.42 lang=- script=- | __int32_t
[0xf7ec] ascii    len=   9 2.42 lang=- script=- | __int64_t
[0xf7f6] ascii    len=  14 2.90 lang=- script=- | __int_least8_t
[0xf805] ascii    len=  15 3.06 lang=- script=- | __int_least16_t
[0xf815] ascii    len=  15 3.06 lang=- script=- | __int_least32_t
[0xf825] ascii    len=  15 3.06 lang=- script=- | __int_least64_t
[0xf835] ascii    len=  10 2.65 lang=- script=- | __intmax_t
[0xf840] ascii    len=  13 3.55 lang=- script=Latin | unsigned char
[0xf84e] ascii    len=   9 2.42 lang=- script=- | __uint8_t
[0xf858] ascii    len=  14 3.52 lang=- script=Latin | unsigned short
[0xf867] ascii    len=  10 2.65 lang=- script=- | __uint16_t
[0xf872] ascii    len=  10 2.65 lang=- script=- | __uint32_t
[0xf87d] ascii    len=  10 2.65 lang=- script=- | __uint64_t
[0xf888] ascii    len=  12 3.02 lang=- script=- | uint_fast8_t
[0xf895] ascii    len=  13 3.18 lang=- script=- | uint_fast16_t
[0xf8a3] ascii    len=  13 3.18 lang=- script=- | uint_fast32_t
[0xf8b1] ascii    len=  13 3.18 lang=- script=- | uint_fast64_t
[0xf8bf] ascii    len=  15 3.06 lang=- script=- | __uint_least8_t
[0xf8cf] ascii    len=  16 3.20 lang=- script=- | __uint_least16_t
[0xf8e0] ascii    len=  16 3.20 lang=- script=- | __uint_least32_t
[0xf8f1] ascii    len=  16 3.20 lang=- script=- | __uint_least64_t
[0xf902] ascii    len=  11 2.85 lang=- script=- | __uintmax_t
[0xf90e] ascii    len=   9 2.64 lang=- script=- | uintptr_t
[0xf918] ascii    len=   5 2.32 lang=- script=- | lconv
[0xf91e] ascii    len=   9 2.73 lang=- script=Latin | setlocale
[0xf928] ascii    len=  10 2.72 lang=- script=Latin | localeconv
[0xf933] ascii    len=   7 2.81 lang=- script=Latin | isalnum
[0xf93b] ascii    len=   7 2.52 lang=- script=Latin | isalpha
[0xf943] ascii    len=   7 2.81 lang=- script=- | iscntrl
[0xf94b] ascii    len=   7 2.13 lang=- script=Latin | isdigit
[0xf953] ascii    len=   7 2.81 lang=- script=Latin | isgraph
[0xf95b] ascii    len=   7 2.81 lang=- script=Latin | islower
[0xf963] ascii    len=   7 2.52 lang=- script=Latin | isprint
[0xf96b] ascii    len=   7 2.81 lang=- script=Latin | ispunct
[0xf973] ascii    len=   7 2.52 lang=- script=Latin | isspace
[0xf97b] ascii    len=   7 2.52 lang=- script=Latin | isupper
[0xf983] ascii    len=   8 2.41 lang=- script=Latin | isxdigit
[0xf98c] ascii    len=   7 2.52 lang=- script=Latin | tolower
[0xf994] ascii    len=   7 2.52 lang=- script=Latin | toupper
[0xf99c] ascii    len=   7 2.81 lang=- script=Latin | isblank
[0xf9a4] ascii    len=   4 2.00 lang=- script=- | quot
[0xf9ad] ascii    len=   5 2.32 lang=- script=- | abort
[0xf9b3] ascii    len=   6 2.25 lang=- script=Latin | atexit
[0xf9ba] ascii    len=  13 3.24 lang=- script=- | at_quick_exit
[0xf9c8] ascii    len=   4 2.00 lang=- script=- | atof
[0xf9cd] ascii    len=   4 2.00 lang=- script=- | atoi
[0xf9d2] ascii    len=   4 2.00 lang=- script=- | atol
[0xf9d7] ascii    len=   7 2.81 lang=- script=Latin | bsearch
[0xf9df] ascii    len=  13 3.09 lang=- script=- | __compar_fn_t
[0xf9ed] ascii    len=   6 1.92 lang=- script=Latin | calloc
[0xf9f4] ascii    len=   4 1.50 lang=- script=- | free
[0xf9f9] ascii    len=   6 2.25 lang=- script=Latin | getenv
[0xfa00] ascii    len=   6 2.25 lang=- script=Latin | malloc
[0xfa07] ascii    len=   5 2.32 lang=- script=- | mblen
[0xfa0d] ascii    len=   8 2.75 lang=- script=- | mbstowcs
[0xfa16] ascii    len=   6 2.58 lang=- script=- | mbtowc
[0xfa1d] ascii    len=   5 2.32 lang=- script=- | qsort
[0xfa23] ascii    len=   7 2.52 lang=- script=Latin | realloc
[0xfa2b] ascii    len=   5 2.32 lang=- script=- | srand
[0xfa31] ascii    len=   6 2.25 lang=- script=- | strtod
[0xfa38] ascii    len=   6 2.25 lang=- script=- | strtol
[0xfa3f] ascii    len=   7 2.52 lang=- script=Latin | strtoul
[0xfa47] ascii    len=   6 2.25 lang=- script=- | system
[0xfa4e] ascii    len=   8 2.75 lang=- script=- | wcstombs
[0xfa57] ascii    len=   6 2.58 lang=- script=- | wctomb
[0xfa5e] ascii    len=   7 2.52 lang=- script=- | lldiv_t
[0xfa66] ascii    len=   5 2.32 lang=- script=- | _Exit
[0xfa6c] ascii    len=   5 1.92 lang=- script=- | llabs
[0xfa72] ascii    len=   5 1.92 lang=- script=- | lldiv
[0xfa78] ascii    len=   5 1.92 lang=- script=- | atoll
[0xfa7e] ascii    len=   7 2.24 lang=- script=- | strtoll
[0xfa86] ascii    len=   8 2.50 lang=- script=Latin | strtoull
[0xfa8f] ascii    len=   6 2.25 lang=- script=- | strtof
[0xfa96] ascii    len=   7 2.52 lang=- script=- | strtold
[0xfa9e] ascii    len=  20 3.52 lang=- script=- | _ZN9__gnu_cxx3divExx
[0xfab3] ascii    len=   9 2.64 lang=- script=- | _G_fpos_t
[0xfabd] ascii    len=   8 2.41 lang=- script=- | __fpos_t
[0xfac6] ascii    len=   8 2.16 lang=- script=Latin | clearerr
[0xfacf] ascii    len=   6 2.58 lang=- script=Latin | fclose
[0xfad6] ascii    len=   4 1.50 lang=- script=- | feof
[0xfadb] ascii    len=   6 1.79 lang=- script=Latin | ferror
[0xfae2] ascii    len=   6 2.25 lang=- script=- | fflush
[0xfae9] ascii    len=   5 2.32 lang=- script=- | fgetc
[0xfaef] ascii    len=   7 2.81 lang=- script=Latin | fgetpos
[0xfaf7] ascii    len=   5 2.32 lang=- script=- | fgets
[0xfafd] ascii    len=   5 2.32 lang=- script=- | fopen
[0xfb03] ascii    len=   5 2.32 lang=- script=- | fputc
[0xfb09] ascii    len=   5 2.32 lang=- script=- | fputs
[0xfb0f] ascii    len=   5 2.32 lang=- script=- | fread
[0xfb15] ascii    len=   7 2.52 lang=- script=Latin | freopen
[0xfb1d] ascii    len=  15 3.06 lang=- script=- | __isoc99_fscanf
[0xfb2d] ascii    len=   5 1.92 lang=- script=- | fseek
[0xfb33] ascii    len=   7 2.52 lang=- script=Latin | fsetpos
[0xfb3b] ascii    len=   5 1.92 lang=- script=- | ftell
[0xfb41] ascii    len=   6 2.58 lang=- script=Latin | fwrite
[0xfb48] ascii    len=   7 2.81 lang=- script=Latin | getchar
[0xfb50] ascii    len=   6 1.79 lang=- script=Latin | perror
[0xfb57] ascii    len=   7 2.81 lang=- script=Latin | putchar
[0xfb5f] ascii    len=   6 2.25 lang=- script=Latin | remove
[0xfb66] ascii    len=   6 2.25 lang=- script=Latin | rename
[0xfb6d] ascii    len=   6 2.58 lang=- script=Latin | rewind
[0xfb74] ascii    len=  14 3.04 lang=- script=- | __isoc99_scanf
[0xfb83] ascii    len=   6 2.58 lang=- script=Latin | setbuf
[0xfb8a] ascii    len=   7 2.81 lang=- script=Latin | setvbuf
[0xfb92] ascii    len=  15 3.01 lang=- script=- | __isoc99_sscanf
[0xfba2] ascii    len=   7 2.81 lang=- script=Latin | tmpfile
[0xfbaa] ascii    len=   6 2.25 lang=- script=- | tmpnam
[0xfbb1] ascii    len=   6 2.58 lang=- script=Latin | ungetc
[0xfbb8] ascii    len=   8 2.75 lang=- script=- | vfprintf
[0xfbc1] ascii    len=   7 2.81 lang=- script=- | vprintf
[0xfbc9] ascii    len=   8 3.00 lang=- script=- | vsprintf
[0xfbd2] ascii    len=  16 3.20 lang=- script=- | __isoc99_vfscanf
[0xfbe3] ascii    len=  15 3.19 lang=- script=- | __isoc99_vscanf
[0xfbf3] ascii    len=   9 2.95 lang=- script=- | vsnprintf
[0xfbfd] ascii    len=  16 3.16 lang=- script=- | __isoc99_vsscanf
[0xfc0e] ascii    len=   9 2.95 lang=- script=- | wctrans_t
[0xfc18] ascii    len=   8 2.75 lang=- script=- | wctype_t
[0xfc21] ascii    len=   8 3.00 lang=- script=Latin | iswalnum
[0xfc2a] ascii    len=   8 2.75 lang=- script=Latin | iswalpha
[0xfc33] ascii    len=   8 3.00 lang=- script=Latin | iswblank
[0xfc3c] ascii    len=   8 3.00 lang=- script=- | iswcntrl
[0xfc45] ascii    len=   8 3.00 lang=- script=Latin | iswctype
[0xfc4e] ascii    len=   8 2.41 lang=- script=Latin | iswdigit
[0xfc57] ascii    len=   8 3.00 lang=- script=Latin | iswgraph
[0xfc60] ascii    len=   8 2.75 lang=- script=Latin | iswlower
[0xfc69] ascii    len=   8 2.75 lang=- script=Latin | iswprint
[0xfc72] ascii    len=   8 3.00 lang=- script=Latin | iswpunct
[0xfc7b] ascii    len=   8 2.75 lang=- script=Latin | iswspace
[0xfc84] ascii    len=   8 2.75 lang=- script=Latin | iswupper
[0xfc8d] ascii    len=   9 2.64 lang=- script=Latin | iswxdigit
[0xfc97] ascii    len=   9 2.95 lang=- script=Latin | towctrans
[0xfca1] ascii    len=   8 2.50 lang=- script=Latin | towlower
[0xfcaa] ascii    len=   8 2.75 lang=- script=Latin | towupper
[0xfcb3] ascii    len=  21 3.59 lang=- script=- | __default_lock_policy
[0xfcc9] ascii    len=  38 4.21 lang=- script=- | _ZN9__gnu_cxxL21__default_lock_policyE
[0xfcf0] ascii    len=  14 3.18 lang=- script=- | _InputIterator
[0xfcff] ascii    len=  21 3.82 lang=- script=- | vector<char **, void>
[0xfd15] ascii    len=  11 2.85 lang=- script=Latin | ~HelloWorld
[0xfd21] ascii    len=  16 3.12 lang=- script=- | _ForwardIterator
[0xfd32] ascii    len= 130 4.58 lang=- script=- | _ZNSt6vectorINSt7__cxx1112basic_stringIcSt11char_traitsIcESaIcEEESaIS5_EE19_M_range_initializeIPPcEEvT_SB_St20forward_iterator_tag
[0xfdb5] ascii    len=  28 3.90 lang=- script=- | _M_range_initialize<char **>
[0xfdd2] ascii    len=  18 3.28 lang=- script=- | input_iterator_tag
[0xfde5] ascii    len=  18 3.61 lang=- script=- | _TrivialValueTypes
[0xfdf8] ascii    len=  27 3.99 lang=- script=- | __uninitialized_copy<false>
[0xfe14] ascii    len= 118 4.62 lang=- script=- | _ZNSt20__uninitialized_copyILb0EE13__uninit_copyIPPcPNSt7__cxx1112basic_stringIcSt11char_traitsIcESaIcEEEEET0_T_SC_SB_
[0xfe8b] ascii    len= 105 4.35 lang=- script=- | __uninit_copy<char **, std::__cxx11::basic_string<char, std::char_traits<char>, std::allocator<char> > *>
[0xfef5] ascii    len=  19 3.83 lang=- script=- | _Destroy_aux<false>
[0xff09] ascii    len=  97 4.55 lang=- script=- | _ZNSt12_Destroy_auxILb0EE9__destroyIPNSt7__cxx1112basic_stringIcSt11char_traitsIcESaIcEEEEEvT_S9_
[0xff6b] ascii    len=  92 4.26 lang=- script=- | __destroy<std::__cxx11::basic_string<char, std::char_traits<char>, std::allocator<char> > *>
[0xffc8] ascii    len=  13 3.55 lang=- script=- | ~_Vector_impl
[0xffd6] ascii    len=   4 2.00 lang=- script=- | _Del
[0xffdb] ascii    len=  49 4.22 lang=- script=- | unique_ptr<std::default_delete<HelloWorld>, void>
[0x1000d] ascii    len=   6 2.25 lang=- script=- | _Dummy
[0x10014] ascii    len=  17 3.13 lang=- script=- | tuple<true, true>
[0x10026] ascii    len=  21 3.46 lang=- script=- | __cxx_global_var_init
[0x1003c] ascii    len=   4 2.00 lang=- script=- | main
[0x10041] ascii    len=  72 4.59 lang=- script=- | _ZN10HelloWorldC2ERKNSt7__cxx1112basic_stringIcSt11char_traitsIcESaIcEEE
[0x1008a] ascii    len=  63 4.17 lang=- script=- | _ZNSaINSt7__cxx1112basic_stringIcSt11char_traitsIcESaIcEEEEC2Ev
[0x100ca] ascii    len=  92 4.48 lang=- script=- | _ZNSt6vectorINSt7__cxx1112basic_stringIcSt11char_traitsIcESaIcEEESaIS5_EEC2IPPcvEET_SB_RKS6_
[0x10127] ascii    len=  63 4.17 lang=- script=- | _ZNSaINSt7__cxx1112basic_stringIcSt11char_traitsIcESaIcEEEED2Ev
[0x10167] ascii    len= 128 4.55 lang=- script=- | _ZN9__gnu_cxxneIPNSt7__cxx1112basic_stringIcSt11char_traitsIcESaIcEEESt6vectorIS6_SaIS6_EEEEbRKNS_17__normal_iteratorIT_T0_EESG_
[0x101e8] ascii    len= 287 4.25 lang=- script=- | operator!=<std::__cxx11::basic_string<char, std::char_traits<char>, std::allocator<char> > *, std::vector<std::__cxx11::basic_string<char, std::char_traits<char>, std::allocator<char> >, std::allocator<std::__cxx11::basic_string<char, std::char_traits<char>, std::allocator<char> > > > >
[0x10308] ascii    len=   5 2.32 lang=- script=- | _Args
[0x1030e] ascii    len=  81 5.00 lang=- script=- | _ZSt11make_uniqueI10HelloWorldJRA12_KcEENSt9_MakeUniqIT_E15__single_objectEDpOT0_
[0x10360] ascii    len=  43 4.75 lang=- script=- | make_unique<HelloWorld, const char (&)[12]>
[0x1038c] ascii    len=  21 3.98 lang=- script=- | _MakeUniq<HelloWorld>
[0x103a2] ascii    len=  15 3.46 lang=- script=- | __single_object
[0x103b2] ascii    len=  58 4.46 lang=- script=- | _ZNSt10unique_ptrI10HelloWorldSt14default_deleteIS0_EED2Ev
[0x103ed] ascii    len=  77 4.31 lang=- script=- | _ZNSt6vectorINSt7__cxx1112basic_stringIcSt11char_traitsIcESaIcEEESaIS5_EED2Ev
[0x1043b] ascii    len=  19 3.89 lang=- script=- | _ZN10HelloWorldD2Ev
[0x1044f] ascii    len=  86 4.48 lang=- script=- | _ZN9__gnu_cxx13new_allocatorINSt7__cxx1112basic_stringIcSt11char_traitsIcESaIcEEEEC2Ev
[0x104a6] ascii    len=  86 4.48 lang=- script=- | _ZN9__gnu_cxx13new_allocatorINSt7__cxx1112basic_stringIcSt11char_traitsIcESaIcEEEED2Ev
[0x104fd] ascii    len=  88 4.38 lang=- script=- | _ZNSt12_Vector_baseINSt7__cxx1112basic_stringIcSt11char_traitsIcESaIcEEESaIS5_EEC2ERKS6_
[0x10556] ascii    len=   5 2.32 lang=- script=- | _Iter
[0x1055c] ascii    len=  79 4.16 lang=- script=- | _ZSt19__iterator_categoryIPPcENSt15iterator_traitsIT_E17iterator_categoryERKS3_
[0x105ac] ascii    len=  28 3.73 lang=- script=- | __iterator_category<char **>
[0x105c9] ascii    len=  24 3.55 lang=- script=- | iterator_traits<char **>
[0x105e2] ascii    len=  26 3.49 lang=- script=- | bidirectional_iterator_tag
[0x105fd] ascii    len=  17 3.18 lang=- script=- | iterator_category
[0x1060f] ascii    len=  84 4.31 lang=- script=- | _ZNSt12_Vector_baseINSt7__cxx1112basic_stringIcSt11char_traitsIcESaIcEEESaIS5_EED2Ev
[0x10664] ascii    len= 102 4.49 lang=- script=- | _ZNSt12_Vector_baseINSt7__cxx1112basic_stringIcSt11char_traitsIcESaIcEEESaIS5_EE12_Vector_implC2ERKS6_
[0x106cb] ascii    len= 103 4.45 lang=- script=- | _ZNSt12_Vector_baseINSt7__cxx1112basic_stringIcSt11char_traitsIcESaIcEEESaIS5_EE17_Vector_impl_dataC2Ev
[0x10733] ascii    len=  90 4.52 lang=- script=- | _ZN9__gnu_cxx13new_allocatorINSt7__cxx1112basic_stringIcSt11char_traitsIcESaIcEEEEC2ERKS7_
[0x1078e] ascii    len=  66 4.36 lang=- script=- | _ZSt8distanceIPPcENSt15iterator_traitsIT_E15difference_typeES3_S3_
[0x107d1] ascii    len= 108 4.53 lang=- script=- | _ZSt22__uninitialized_copy_aIPPcPNSt7__cxx1112basic_stringIcSt11char_traitsIcESaIcEEES7_ET0_T_SA_S9_RSaIT1_E
[0x1083e] ascii    len= 196 4.34 lang=- script=- | __uninitialized_copy_a<char **, std::__cxx11::basic_string<char, std::char_traits<char>, std::allocator<char> > *, std::__cxx11::basic_string<char, std::char_traits<char>, std::allocator<char> > >
[0x10903] ascii    len=  21 3.73 lang=- script=- | _RandomAccessIterator
[0x10919] ascii    len=  99 4.40 lang=- script=- | _ZSt10__distanceIPPcENSt15iterator_traitsIT_E15difference_typeES3_S3_St26random_access_iterator_tag
[0x1097d] ascii    len=  19 3.83 lang=- script=- | __distance<char **>
[0x10991] ascii    len=  67 4.26 lang=- script=- | _ZNSaINSt7__cxx1112basic_stringIcSt11char_traitsIcESaIcEEEEC2ERKS5_
[0x109d5] ascii    len=  21 3.59 lang=- script=- | _ZSt3minImERKT_S2_S2_
[0x109eb] ascii    len=  18 3.50 lang=- script=- | min<unsigned long>
[0x109fe] ascii    len=  93 4.58 lang=- script=- | _ZSt18uninitialized_copyIPPcPNSt7__cxx1112basic_stringIcSt11char_traitsIcESaIcEEEET0_T_SA_S9_
[0x10a5c] ascii    len= 110 4.42 lang=- script=- | uninitialized_copy<char **, std::__cxx11::basic_string<char, std::char_traits<char>, std::allocator<char> > *>
[0x10acb] ascii    len=  85 4.55 lang=- script=- | _ZSt10_ConstructINSt7__cxx1112basic_stringIcSt11char_traitsIcESaIcEEEJRPcEEvPT_DpOT0_
[0x10b21] ascii    len= 100 4.29 lang=- script=- | _Construct<std::__cxx11::basic_string<char, std::char_traits<char>, std::allocator<char> >, char *&>
[0x10b86] ascii    len=  78 4.36 lang=- script=- | _ZSt11__addressofINSt7__cxx1112basic_stringIcSt11char_traitsIcESaIcEEEEPT_RS6_
[0x10bd5] ascii    len=  93 4.21 lang=- script=- | __addressof<std::__cxx11::basic_string<char, std::char_traits<char>, std::allocator<char> > >
[0x10c33] ascii    len=  74 4.39 lang=- script=- | _ZSt8_DestroyIPNSt7__cxx1112basic_stringIcSt11char_traitsIcESaIcEEEEvT_S7_
[0x10c7e] ascii    len=  91 4.30 lang=- script=- | _Destroy<std::__cxx11::basic_string<char, std::char_traits<char>, std::allocator<char> > *>
[0x10cda] ascii    len=  53 4.53 lang=- script=- | _ZSt7forwardIRPcEOT_RNSt16remove_referenceIS2_E4typeE
[0x10d10] ascii    len=  16 3.58 lang=- script=- | forward<char *&>
[0x10d21] ascii    len=  71 4.39 lang=- script=- | _ZSt8_DestroyINSt7__cxx1112basic_stringIcSt11char_traitsIcESaIcEEEEvPT_
[0x10d69] ascii    len=  90 4.26 lang=- script=- | _Destroy<std::__cxx11::basic_string<char, std::char_traits<char>, std::allocator<char> > >
[0x10dc4] ascii    len=  98 4.44 lang=- script=- | _ZNSt12_Vector_baseINSt7__cxx1112basic_stringIcSt11char_traitsIcESaIcEEESaIS5_EE12_Vector_implD2Ev
[0x10e27] ascii    len=  85 4.47 lang=- script=- | _ZSt8_DestroyIPNSt7__cxx1112basic_stringIcSt11char_traitsIcESaIcEEES5_EvT_S7_RSaIT0_E
[0x10e7d] ascii    len= 173 4.25 lang=- script=- | _Destroy<std::__cxx11::basic_string<char, std::char_traits<char>, std::allocator<char> > *, std::__cxx11::basic_string<char, std::char_traits<char>, std::allocator<char> > >
[0x10f2b] ascii    len= 116 4.51 lang=- script=- | _ZN9__gnu_cxx17__normal_iteratorIPNSt7__cxx1112basic_stringIcSt11char_traitsIcESaIcEEESt6vectorIS6_SaIS6_EEEC2ERKS7_
[0x10fa0] ascii    len=  57 4.62 lang=- script=- | _ZSt7forwardIRA12_KcEOT_RNSt16remove_referenceIS3_E4typeE
[0x10fda] ascii    len=  27 4.28 lang=- script=- | forward<const char (&)[12]>
[0x10ff6] ascii    len=  67 4.47 lang=- script=- | _ZNSt10unique_ptrI10HelloWorldSt14default_deleteIS0_EEC2IS2_vEEPS0_
[0x1103a] ascii    len= 102 4.55 lang=- script=- | _ZNSt15__uniq_ptr_dataI10HelloWorldSt14default_deleteIS0_ELb1ELb1EECI2St15__uniq_ptr_implIS0_S2_EEPS0_
[0x110a1] ascii    len=  66 4.50 lang=- script=- | _ZNSt15__uniq_ptr_implI10HelloWorldSt14default_deleteIS0_EEC2EPS0_
[0x110e4] ascii    len=  65 4.49 lang=- script=- | _ZNSt5tupleIJP10HelloWorldSt14default_deleteIS0_EEEC2ILb1ELb1EEEv
[0x11126] ascii    len=  66 4.55 lang=- script=- | _ZNSt11_Tuple_implILm0EJP10HelloWorldSt14default_deleteIS0_EEEC2Ev
[0x11169] ascii    len=  62 4.48 lang=- script=- | _ZNSt11_Tuple_implILm1EJSt14default_deleteI10HelloWorldEEEC2Ev
[0x111a8] ascii    len=  44 4.45 lang=- script=- | _ZNSt10_Head_baseILm0EP10HelloWorldLb0EEC2Ev
[0x111d5] ascii    len=  63 4.43 lang=- script=- | _ZNSt10_Head_baseILm1ESt14default_deleteI10HelloWorldELb1EEC2Ev
[0x11219] ascii    len= 104 4.58 lang=- script=- | _ZSt3getILm0EJP10HelloWorldSt14default_deleteIS0_EEERNSt13tuple_elementIXT_ESt5tupleIJDpT0_EEE4typeERS8_
[0x11282] ascii    len=  56 4.14 lang=- script=- | get<0UL, HelloWorld *, std::default_delete<HelloWorld> >
[0x112bb] ascii    len=   4 2.00 lang=- script=- | _Int
[0x112c0] ascii    len=  79 4.19 lang=- script=- | tuple_element<0UL, std::tuple<HelloWorld *, std::default_delete<HelloWorld> > >
[0x11310] ascii    len=  83 4.19 lang=- script=- | __tuple_element_t<0UL, std::tuple<HelloWorld *, std::default_delete<HelloWorld> > >
[0x11364] ascii    len=   5 2.32 lang=- script=- | _Tail
[0x1136a] ascii    len=  98 4.52 lang=- script=- | _ZSt12__get_helperILm0EP10HelloWorldJSt14default_deleteIS0_EEERT0_RSt11_Tuple_implIXT_EJS4_DpT1_EE
[0x113cd] ascii    len=  65 4.22 lang=- script=- | __get_helper<0UL, HelloWorld *, std::default_delete<HelloWorld> >
[0x1140f] ascii    len=  61 4.52 lang=- script=- | _ZSt4moveIRP10HelloWorldEONSt16remove_referenceIT_E4typeEOS4_
[0x1144d] ascii    len=  19 3.64 lang=- script=- | move<HelloWorld *&>
[0x11461] ascii    len=  31 3.76 lang=- script=- | remove_reference<HelloWorld *&>
[0x11481] ascii    len= 104 4.58 lang=- script=- | _ZSt3getILm1EJP10HelloWorldSt14default_deleteIS0_EEERNSt13tuple_elementIXT_ESt5tupleIJDpT0_EEE4typeERS8_
[0x114ea] ascii    len=  56 4.14 lang=- script=- | get<1UL, HelloWorld *, std::default_delete<HelloWorld> >
[0x11523] ascii    len=  39 3.82 lang=- script=- | tuple<std::default_delete<HelloWorld> >
[0x1154b] ascii    len=  65 4.12 lang=- script=- | tuple_element<0UL, std::tuple<std::default_delete<HelloWorld> > >
[0x1158d] ascii    len=  83 4.19 lang=- script=- | __tuple_element_t<1UL, std::tuple<HelloWorld *, std::default_delete<HelloWorld> > >
[0x115e1] ascii    len=  94 4.50 lang=- script=- | _ZSt12__get_helperILm1ESt14default_deleteI10HelloWorldEJEERT0_RSt11_Tuple_implIXT_EJS3_DpT1_EE
[0x11640] ascii    len=  51 4.19 lang=- script=- | __get_helper<1UL, std::default_delete<HelloWorld> >
[0x11674] ascii    len= 106 4.62 lang=- script=- | _ZSt3getILm0EJP10HelloWorldSt14default_deleteIS0_EEERKNSt13tuple_elementIXT_ESt5tupleIJDpT0_EEE4typeERKS8_
[0x116df] ascii    len= 100 4.57 lang=- script=- | _ZSt12__get_helperILm0EP10HelloWorldJSt14default_deleteIS0_EEERKT0_RKSt11_Tuple_implIXT_EJS4_DpT1_EE
[0x11744] ascii    len=  24 3.85 lang=- script=- | _GLOBAL__sub_I_hello.cpp
[0x1175d] ascii    len=   4 2.00 lang=- script=- | argc
[0x11762] ascii    len=   4 2.00 lang=- script=- | argv
[0x1176e] ascii    len=   8 2.75 lang=- script=- | __range1
[0x11777] ascii    len=   8 2.75 lang=- script=- | __begin1
[0x11780] ascii    len=   6 2.25 lang=- script=- | __end1
[0x1178b] ascii    len=   7 2.52 lang=- script=Latin | printer
[0x11793] ascii    len=   4 2.00 lang=- script=- | this
[0x1179c] ascii    len=   7 2.52 lang=- script=- | __first
[0x117a4] ascii    len=   6 2.25 lang=- script=- | __last
[0x117af] ascii    len=   5 1.92 lang=- script=- | __lhs
[0x117b5] ascii    len=   5 1.92 lang=- script=- | __rhs
[0x117bb] ascii    len=   6 2.25 lang=- script=- | __args
[0x117c2] ascii    len=   5 1.92 lang=- script=- | __ptr
[0x117cc] ascii    len=   8 2.75 lang=- script=- | __result
[0x117d5] ascii    len=   9 2.73 lang=- script=- | __diffmax
[0x117df] ascii    len=  10 2.72 lang=- script=- | __allocmax
[0x117ee] ascii    len=  12 3.08 lang=- script=- | __assignable
[0x117fb] ascii    len=   5 1.92 lang=- script=- | __cur
[0x1180d] ascii    len=  25 3.62 lang=- script=- | remove_reference<char *&>
[0x11827] ascii    len=   9 2.95 lang=- script=- | __pointer
[0x11831] ascii    len=  36 4.22 lang=- script=- | remove_reference<const char (&)[12]>
[0x11b26] ascii    len=  10 3.32 lang=- script=- | /workspace
[0x11b31] ascii    len=  66 3.87 lang=- script=- | /usr/bin/../lib/gcc/x86_64-linux-gnu/11/../../../../include/c++/11
[0x11b74] ascii    len=  10 2.92 lang=- script=- | source/cpp
[0x11b7f] ascii    len=  70 3.94 lang=- script=- | /usr/bin/../lib/gcc/x86_64-linux-gnu/11/../../../../include/c++/11/ext
[0x11bc6] ascii    len=  88 4.06 lang=- script=- | /usr/bin/../lib/gcc/x86_64-linux-gnu/11/../../../../include/x86_64-linux-gnu/c++/11/bits
[0x11c1f] ascii    len=  71 3.94 lang=- script=- | /usr/bin/../lib/gcc/x86_64-linux-gnu/11/../../../../include/c++/11/bits
[0x11c67] ascii    len=  40 4.18 lang=- script=- | /usr/include/x86_64-linux-gnu/bits/types
[0x11c90] ascii    len=  12 3.25 lang=- script=- | /usr/include
[0x11c9d] ascii    len=  41 3.99 lang=- script=- | /usr/lib/llvm-14/lib/clang/14.0.0/include
[0x11cc7] ascii    len=  72 3.92 lang=- script=- | /usr/bin/../lib/gcc/x86_64-linux-gnu/11/../../../../include/c++/11/debug
[0x11d10] ascii    len=  34 4.04 lang=- script=- | /usr/include/x86_64-linux-gnu/bits
[0x11d33] ascii    len=  31 3.56 lang=- script=- | /workspace/source/cpp/hello.cpp
[0x11d53] ascii    len=   8 3.00 lang=- script=Latin | iostream
[0x11d5c] ascii    len=  13 2.87 lang=- script=Latin | concurrence.h
[0x11d6a] ascii    len=  11 3.10 lang=- script=Latin | c++config.h
[0x11d76] ascii    len=  15 3.51 lang=- script=- | new_allocator.h
[0x11d86] ascii    len=  14 3.09 lang=- script=Latin | c++allocator.h
[0x11d95] ascii    len=  14 3.38 lang=- script=- | alloc_traits.h
[0x11da4] ascii    len=  12 3.42 lang=- script=- | stl_vector.h
[0x11db1] ascii    len=  11 3.03 lang=- script=- | type_traits
[0x11dbd] ascii    len=  14 3.32 lang=- script=- | stl_iterator.h
[0x11dcc] ascii    len=  25 3.59 lang=- script=- | stl_iterator_base_types.h
[0x11de6] ascii    len=  11 3.46 lang=- script=- | stringfwd.h
[0x11df2] ascii    len=  12 3.42 lang=- script=- | unique_ptr.h
[0x11dff] ascii    len=   5 2.32 lang=- script=- | tuple
[0x11e05] ascii    len=  16 3.50 lang=- script=- | uses_allocator.h
[0x11e16] ascii    len=  13 2.97 lang=- script=- | __mbstate_t.h
[0x11e24] ascii    len=   6 2.25 lang=- script=- | cwchar
[0x11e2b] ascii    len=   8 2.75 lang=- script=- | wint_t.h
[0x11e34] ascii    len=   8 2.75 lang=- script=- | __FILE.h
[0x11e3d] ascii    len=   8 2.75 lang=- script=- | stddef.h
[0x11e46] ascii    len=  15 3.51 lang=- script=- | exception_ptr.h
[0x11e56] ascii    len=   7 2.81 lang=- script=Latin | debug.h
[0x11e5e] ascii    len=  13 2.82 lang=- script=Latin | stdint-intn.h
[0x11e6c] ascii    len=   7 2.52 lang=- script=- | cstdint
[0x11e74] ascii    len=   8 2.75 lang=- script=- | stdint.h
[0x11e7d] ascii    len=  14 2.99 lang=- script=Latin | stdint-uintn.h
[0x11e8c] ascii    len=   7 2.24 lang=- script=Latin | clocale
[0x11e94] ascii    len=   8 2.75 lang=- script=Latin | locale.h
[0x11e9d] ascii    len=   6 2.25 lang=- script=- | cctype
[0x11ea4] ascii    len=   8 3.00 lang=- script=- | stdlib.h
[0x11ead] ascii    len=   9 2.95 lang=- script=- | std_abs.h
[0x11eb7] ascii    len=   7 2.81 lang=- script=- | cstdlib
[0x11ebf] ascii    len=   6 2.58 lang=- script=Latin | cstdio
[0x11ec6] ascii    len=  10 2.85 lang=- script=- | __fpos_t.h
[0x11ed1] ascii    len=   7 2.81 lang=- script=Latin | stdio.h
[0x11ed9] ascii    len=   8 3.00 lang=- script=- | wctype.h
[0x11ee2] ascii    len=   7 2.52 lang=- script=- | cwctype
[0x11eea] ascii    len=  14 3.38 lang=- script=- | wctype-wchar.h
[0x11ef9] ascii    len=  17 3.38 lang=- script=- | shared_ptr_base.h
[0x11f0b] ascii    len=  25 3.83 lang=- script=- | stl_iterator_base_funcs.h
[0x11f25] ascii    len=  19 3.51 lang=- script=- | stl_uninitialized.h
[0x11f39] ascii    len=  14 3.38 lang=- script=- | stl_algobase.h
[0x11f48] ascii    len=  15 3.32 lang=- script=- | stl_construct.h
[0x11f58] ascii    len=   6 2.58 lang=- script=Latin | move.h
[0x11f5f] ascii    len=   7 2.81 lang=- script=- | <stdin>
[0x11f67] ascii    len=   7 2.24 lang=- script=Latin | utility
[0x13c31] ascii    len=   7 2.81 lang=- script=- | Scrt1.o
[0x13c39] ascii    len=   9 2.42 lang=- script=- | __abi_tag
[0x13c43] ascii    len=  21 3.46 lang=- script=- | __cxx_global_var_init
[0x13c59] ascii    len=  14 2.99 lang=- script=- | _ZStL8__ioinit
[0x13c68] ascii    len=  17 3.45 lang=- script=- | GCC_except_table1
[0x13c7a] ascii    len=  17 3.45 lang=- script=- | GCC_except_table5
[0x13c8c] ascii    len=  18 3.57 lang=- script=- | GCC_except_table12
[0x13c9f] ascii    len=  18 3.57 lang=- script=- | GCC_except_table15
[0x13cb2] ascii    len=  18 3.57 lang=- script=- | GCC_except_table16
[0x13cc5] ascii    len=  18 3.57 lang=- script=- | GCC_except_table23
[0x13cd8] ascii    len=  18 3.57 lang=- script=- | GCC_except_table36
[0x13ceb] ascii    len=  18 3.57 lang=- script=- | GCC_except_table43
[0x13cfe] ascii    len=  18 3.46 lang=- script=- | GCC_except_table44
[0x13d11] ascii    len=  18 3.57 lang=- script=- | GCC_except_table58
[0x13d24] ascii    len=  18 3.57 lang=- script=- | GCC_except_table61
[0x13d37] ascii    len=  18 3.57 lang=- script=- | GCC_except_table71
[0x13d4a] ascii    len=  18 3.57 lang=- script=- | GCC_except_table79
[0x13d5d] ascii    len=  24 3.85 lang=- script=- | _GLOBAL__sub_I_hello.cpp
[0x13d76] ascii    len=  10 2.72 lang=- script=- | crtstuff.c
[0x13d81] ascii    len=  20 3.52 lang=- script=- | deregister_tm_clones
[0x13d96] ascii    len=  21 3.33 lang=- script=- | __do_global_dtors_aux
[0x13dac] ascii    len=  11 3.28 lang=- script=- | completed.0
[0x13db8] ascii    len=  38 3.75 lang=- script=- | __do_global_dtors_aux_fini_array_entry
[0x13ddf] ascii    len=  11 3.03 lang=- script=- | frame_dummy
[0x13deb] ascii    len=  30 3.38 lang=- script=- | __frame_dummy_init_array_entry
[0x13e0a] ascii    len=  13 2.65 lang=- script=- | __FRAME_END__
[0x13e18] ascii    len=  18 3.19 lang=- script=- | __GNU_EH_FRAME_HDR
[0x13e2b] ascii    len=   8 3.00 lang=- script=- | _DYNAMIC
[0x13e34] ascii    len=  22 3.30 lang=- script=- | __clang_call_terminate
[0x13e4b] ascii    len=  21 3.21 lang=- script=- | _GLOBAL_OFFSET_TABLE_
[0x13e61] ascii    len=  66 4.55 lang=- script=- | _ZNSt11_Tuple_implILm0EJP10HelloWorldSt14default_deleteIS0_EEEC2Ev
[0x13ea4] ascii    len= 103 4.42 lang=- script=- | _ZNSt16allocator_traitsISaINSt7__cxx1112basic_stringIcSt11char_traitsIcESaIcEEEEE10deallocateERS6_PS5_m
[0x13f0c] ascii    len=  88 4.38 lang=- script=- | _ZNSt12_Vector_baseINSt7__cxx1112basic_stringIcSt11char_traitsIcESaIcEEESaIS5_EEC2ERKS6_
[0x13f65] ascii    len=  61 4.47 lang=- script=- | _ZNKSt10unique_ptrI10HelloWorldSt14default_deleteIS0_EE3getEv
[0x13fa3] ascii    len=  97 4.55 lang=- script=- | _ZNSt12_Destroy_auxILb0EE9__destroyIPNSt7__cxx1112basic_stringIcSt11char_traitsIcESaIcEEEEEvT_S9_
[0x14005] ascii    len=  72 4.59 lang=- script=- | _ZN10HelloWorldC2ERKNSt7__cxx1112basic_stringIcSt11char_traitsIcESaIcEEE
[0x1404e] ascii    len=  63 4.17 lang=- script=- | _ZNSaINSt7__cxx1112basic_stringIcSt11char_traitsIcESaIcEEEED2Ev
[0x1408e] ascii    len=  63 4.17 lang=- script=- | _ZNSaINSt7__cxx1112basic_stringIcSt11char_traitsIcESaIcEEEEC2Ev
[0x140ce] ascii    len= 118 4.62 lang=- script=- | _ZNSt20__uninitialized_copyILb0EE13__uninit_copyIPPcPNSt7__cxx1112basic_stringIcSt11char_traitsIcESaIcEEEEET0_T_SC_SB_
[0x14145] ascii    len=   6 2.25 lang=- script=- | _edata
[0x1414c] ascii    len=  69 4.26 lang=- script=- | _ZNSt10unique_ptrI10HelloWorldSt14default_deleteIS0_EE11get_deleterEv
[0x14192] ascii    len=  30 4.16 lang=- script=- | _ZNK10HelloWorld10getCounterEv
[0x141b1] ascii    len=  67 4.26 lang=- script=- | _ZNSaINSt7__cxx1112basic_stringIcSt11char_traitsIcESaIcEEEEC2ERKS5_
[0x141f5] ascii    len=  27 4.36 lang=- script=- | _ZSt9terminatev@GLIBCXX_3.4
[0x14211] ascii    len=  96 4.57 lang=- script=- | _ZN9__gnu_cxx13new_allocatorINSt7__cxx1112basic_stringIcSt11char_traitsIcESaIcEEEE8allocateEmPKv
[0x14272] ascii    len=  81 5.00 lang=- script=- | _ZSt11make_uniqueI10HelloWorldJRA12_KcEENSt9_MakeUniqIT_E15__single_objectEDpOT0_
[0x142c4] ascii    len=  14 3.18 lang=- script=- | _IO_stdin_used
[0x142d3] ascii    len=  36 4.46 lang=- script=- | _ZSt17__throw_bad_allocv@GLIBCXX_3.4
[0x142f8] ascii    len=  98 4.52 lang=- script=- | _ZNK9__gnu_cxx13new_allocatorINSt7__cxx1112basic_stringIcSt11char_traitsIcESaIcEEEE11_M_max_sizeEv
[0x1435b] ascii    len=  65 4.49 lang=- script=- | _ZNSt5tupleIJP10HelloWorldSt14default_deleteIS0_EEEC2ILb1ELb1EEEv
[0x1439d] ascii    len= 116 4.51 lang=- script=- | _ZNK9__gnu_cxx17__normal_iteratorIPNSt7__cxx1112basic_stringIcSt11char_traitsIcESaIcEEESt6vectorIS6_SaIS6_EEE4baseEv
[0x14412] ascii    len=  98 4.52 lang=- script=- | _ZSt12__get_helperILm0EP10HelloWorldJSt14default_deleteIS0_EEERT0_RSt11_Tuple_implIXT_EJS4_DpT1_EE
[0x14475] ascii    len=  28 4.08 lang=- script=- | __cxa_begin_catch@CXXABI_1.3
[0x14492] ascii    len=  26 4.09 lang=- script=- | __cxa_finalize@GLIBC_2.2.5
[0x144ad] ascii    len=  76 4.61 lang=- script=- | _ZNSt7__cxx1112basic_stringIcSt11char_traitsIcESaIcEEC1ERKS4_@GLIBCXX_3.4.21
[0x144fa] ascii    len=   4 2.00 lang=- script=- | main
[0x144ff] ascii    len=  70 4.73 lang=- script=- | _ZSt4endlIcSt11char_traitsIcEERSt13basic_ostreamIT_T0_ES6_@GLIBCXX_3.4
[0x14546] ascii    len=  41 4.47 lang=- script=- | _ZSt20__throw_length_errorPKc@GLIBCXX_3.4
[0x14570] ascii    len=  12 3.02 lang=- script=- | __dso_handle
[0x1457d] ascii    len=  44 4.45 lang=- script=- | _ZNSt10_Head_baseILm0EP10HelloWorldLb0EEC2Ev
[0x145aa] ascii    len=  71 4.39 lang=- script=- | _ZSt8_DestroyINSt7__cxx1112basic_stringIcSt11char_traitsIcESaIcEEEEvPT_
[0x145f2] ascii    len= 130 4.58 lang=- script=- | _ZNSt6vectorINSt7__cxx1112basic_stringIcSt11char_traitsIcESaIcEEESaIS5_EE19_M_range_initializeIPPcEEvT_SB_St20forward_iterator_tag
[0x14675] ascii    len=  94 4.50 lang=- script=- | _ZSt12__get_helperILm1ESt14default_deleteI10HelloWorldEJEERT0_RSt11_Tuple_implIXT_EJS3_DpT1_EE
[0x146d4] ascii    len= 100 4.56 lang=- script=- | _ZN9__gnu_cxx13new_allocatorINSt7__cxx1112basic_stringIcSt11char_traitsIcESaIcEEEE10deallocateEPS6_m
[0x14739] ascii    len= 102 4.49 lang=- script=- | _ZNSt12_Vector_baseINSt7__cxx1112basic_stringIcSt11char_traitsIcESaIcEEESaIS5_EE12_Vector_implC2ERKS6_
[0x147a0] ascii    len= 116 4.51 lang=- script=- | _ZN9__gnu_cxx17__normal_iteratorIPNSt7__cxx1112basic_stringIcSt11char_traitsIcESaIcEEESt6vectorIS6_SaIS6_EEEC2ERKS7_
[0x14815] ascii    len=  14 3.52 lang=- script=- | global_counter
[0x14824] ascii    len=  53 4.53 lang=- script=- | _ZSt7forwardIRPcEOT_RNSt16remove_referenceIS2_E4typeE
[0x1485a] ascii    len=  72 4.60 lang=- script=- | _ZNSt7__cxx1112basic_stringIcSt11char_traitsIcESaIcEED1Ev@GLIBCXX_3.4.21
[0x148a3] ascii    len=  27 4.16 lang=- script=- | DW.ref.__gxx_personality_v0
[0x148bf] ascii    len=  63 4.43 lang=- script=- | _ZNSt10_Head_baseILm1ESt14default_deleteI10HelloWorldELb1EEC2Ev
[0x148ff] ascii    len=  99 4.40 lang=- script=- | _ZSt10__distanceIPPcENSt15iterator_traitsIT_E15difference_typeES3_S3_St26random_access_iterator_tag
[0x14963] ascii    len=  77 4.31 lang=- script=- | _ZNSt6vectorINSt7__cxx1112basic_stringIcSt11char_traitsIcESaIcEEESaIS5_EED2Ev
[0x149b1] ascii    len=   5 1.92 lang=- script=- | _fini
[0x149b7] ascii    len=  28 4.18 lang=- script=- | __libc_start_main@GLIBC_2.34
[0x149d4] ascii    len=  21 3.59 lang=- script=- | _ZSt3minImERKT_S2_S2_
[0x149ea] ascii    len=  58 4.46 lang=- script=- | _ZNSt10unique_ptrI10HelloWorldSt14default_deleteIS0_EED2Ev
[0x14a25] ascii    len=  54 4.54 lang=- script=- | _ZNSt10_Head_baseILm0EP10HelloWorldLb0EE7_M_headERKS2_
[0x14a5c] ascii    len=  50 4.60 lang=- script=- | _ZSt28__throw_bad_array_new_lengthv@GLIBCXX_3.4.29
[0x14a8f] ascii    len= 102 4.55 lang=- script=- | _ZNSt15__uniq_ptr_dataI10HelloWorldSt14default_deleteIS0_ELb1ELb1EECI2St15__uniq_ptr_implIS0_S2_EEPS0_
[0x14af6] ascii    len=  78 4.36 lang=- script=- | _ZSt11__addressofINSt7__cxx1112basic_stringIcSt11char_traitsIcESaIcEEEEPT_RS6_
[0x14b45] ascii    len=  75 4.55 lang=- script=- | _ZNSt11_Tuple_implILm0EJP10HelloWorldSt14default_deleteIS0_EEE7_M_headERS4_
[0x14b91] ascii    len=  59 4.41 lang=- script=- | _ZNKSt10unique_ptrI10HelloWorldSt14default_deleteIS0_EEptEv
[0x14bcd] ascii    len=  66 4.36 lang=- script=- | _ZSt8distanceIPPcENSt15iterator_traitsIT_E15difference_typeES3_S3_
[0x14c10] ascii    len=  24 3.83 lang=- script=- | __cxa_atexit@GLIBC_2.2.5
[0x14c29] ascii    len= 114 4.72 lang=- script=- | _ZStlsIcSt11char_traitsIcESaIcEERSt13basic_ostreamIT_T0_ES7_RKNSt7__cxx1112basic_stringIS4_S5_T1_EE@GLIBCXX_3.4.21
[0x14c9c] ascii    len= 103 4.45 lang=- script=- | _ZNSt12_Vector_baseINSt7__cxx1112basic_stringIcSt11char_traitsIcESaIcEEESaIS5_EE17_Vector_impl_dataC2Ev
[0x14d04] ascii    len= 108 4.53 lang=- script=- | _ZSt22__uninitialized_copy_aIPPcPNSt7__cxx1112basic_stringIcSt11char_traitsIcESaIcEEES7_ET0_T_SA_S9_RSaIT1_E
[0x14d71] ascii    len=  68 4.47 lang=- script=- | _ZNSt15__uniq_ptr_implI10HelloWorldSt14default_deleteIS0_EE6_M_ptrEv
[0x14db6] ascii    len=  84 4.31 lang=- script=- | _ZNSt12_Vector_baseINSt7__cxx1112basic_stringIcSt11char_traitsIcESaIcEEESaIS5_EED2Ev
[0x14e0b] ascii    len=  76 4.59 lang=- script=- | _ZNSt11_Tuple_implILm0EJP10HelloWorldSt14default_deleteIS0_EEE7_M_headERKS4_
[0x14e58] ascii    len=  18 3.95 lang=- script=- | _ZdlPv@GLIBCXX_3.4
[0x14e6b] ascii    len=  67 4.65 lang=- script=- | _ZStlsISt11char_traitsIcEERSt13basic_ostreamIcT_ES5_PKc@GLIBCXX_3.4
[0x14eaf] ascii    len=  17 3.85 lang=- script=- | _Znwm@GLIBCXX_3.4
[0x14ec1] ascii    len=  28 4.25 lang=- script=- | _ZNSolsEPFRSoS_E@GLIBCXX_3.4
[0x14ede] ascii    len=  96 4.31 lang=- script=- | _ZNSt16allocator_traitsISaINSt7__cxx1112basic_stringIcSt11char_traitsIcESaIcEEEEE8allocateERS6_m
[0x14f3f] ascii    len=  24 4.25 lang=- script=- | _ZNSaIcED1Ev@GLIBCXX_3.4
[0x14f58] ascii    len=  86 4.48 lang=- script=- | _ZN9__gnu_cxx13new_allocatorINSt7__cxx1112basic_stringIcSt11char_traitsIcESaIcEEEEC2Ev
[0x14faf] ascii    len=  98 4.44 lang=- script=- | _ZNSt12_Vector_baseINSt7__cxx1112basic_stringIcSt11char_traitsIcESaIcEEESaIS5_EE12_Vector_implD2Ev
[0x15012] ascii    len= 112 4.47 lang=- script=- | _ZN9__gnu_cxx17__normal_iteratorIPNSt7__cxx1112basic_stringIcSt11char_traitsIcESaIcEEESt6vectorIS6_SaIS6_EEEppEv
[0x15083] ascii    len=  11 2.40 lang=- script=- | __TMC_END__
[0x1508f] ascii    len=  95 4.32 lang=- script=- | _ZNSt12_Vector_baseINSt7__cxx1112basic_stringIcSt11char_traitsIcESaIcEEESaIS5_EE11_M_allocateEm
[0x150ef] ascii    len=  62 4.48 lang=- script=- | _ZNSt11_Tuple_implILm1EJSt14default_deleteI10HelloWorldEEEC2Ev
[0x1512e] ascii    len= 101 4.45 lang=- script=- | _ZNSt12_Vector_baseINSt7__cxx1112basic_stringIcSt11char_traitsIcESaIcEEESaIS5_EE13_M_deallocateEPS5_m
[0x15194] ascii    len=  21 4.01 lang=- script=- | _ZSt4cout@GLIBCXX_3.4
[0x151aa] ascii    len=  53 4.49 lang=- script=- | _ZNSt10_Head_baseILm0EP10HelloWorldLb0EE7_M_headERS2_
[0x151e0] ascii    len=  67 4.47 lang=- script=- | _ZNSt10unique_ptrI10HelloWorldSt14default_deleteIS0_EEC2IS2_vEEPS0_
[0x15224] ascii    len=  85 4.47 lang=- script=- | _ZSt8_DestroyIPNSt7__cxx1112basic_stringIcSt11char_traitsIcESaIcEEES5_EvT_S7_RSaIT0_E
[0x1527a] ascii    len=  57 4.62 lang=- script=- | _ZSt7forwardIRA12_KcEOT_RNSt16remove_referenceIS3_E4typeE
[0x152b4] ascii    len= 128 4.55 lang=- script=- | _ZN9__gnu_cxxneIPNSt7__cxx1112basic_stringIcSt11char_traitsIcESaIcEEESt6vectorIS6_SaIS6_EEEEbRKNS_17__normal_iteratorIT_T0_EESG_
[0x15335] ascii    len= 104 4.58 lang=- script=- | _ZSt3getILm0EJP10HelloWorldSt14default_deleteIS0_EEERNSt13tuple_elementIXT_ESt5tupleIJDpT0_EEE4typeERS8_
[0x1539e] ascii    len=  61 4.52 lang=- script=- | _ZSt4moveIRP10HelloWorldEONSt16remove_referenceIT_E4typeEOS4_
[0x153dc] ascii    len=  99 4.44 lang=- script=- | _ZNSt6vectorINSt7__cxx1112basic_stringIcSt11char_traitsIcESaIcEEESaIS5_EE17_S_check_init_lenEmRKS6_
[0x15440] ascii    len=  79 4.65 lang=- script=- | _ZNSt7__cxx1112basic_stringIcSt11char_traitsIcESaIcEEC1EPKcRKS3_@GLIBCXX_3.4.21
[0x15490] ascii    len=  12 2.40 lang=- script=- | __data_start
[0x1549d] ascii    len=   4 2.00 lang=- script=- | _end
[0x154a2] ascii    len=  72 4.46 lang=- script=- | _ZNSt10_Head_baseILm1ESt14default_deleteI10HelloWorldELb1EE7_M_headERS3_
[0x154eb] ascii    len=  24 4.08 lang=- script=- | __cxa_rethrow@CXXABI_1.3
[0x15504] ascii    len=  19 3.89 lang=- script=- | _ZN10HelloWorldD2Ev
[0x15518] ascii    len=  78 4.76 lang=- script=- | _ZNKSt7__cxx1112basic_stringIcSt11char_traitsIcESaIcEE6lengthEv@GLIBCXX_3.4.21
[0x15567] ascii    len=  11 2.41 lang=- script=- | __bss_start
[0x15573] ascii    len=  35 4.59 lang=- script=- | _ZNSt8ios_base4InitC1Ev@GLIBCXX_3.4
[0x15597] ascii    len=  85 4.55 lang=- script=- | _ZSt10_ConstructINSt7__cxx1112basic_stringIcSt11char_traitsIcESaIcEEEJRPcEEvPT_DpOT0_
[0x155ed] ascii    len=  93 4.58 lang=- script=- | _ZSt18uninitialized_copyIPPcPNSt7__cxx1112basic_stringIcSt11char_traitsIcESaIcEEEET0_T_SA_S9_
[0x1564b] ascii    len=  66 4.50 lang=- script=- | _ZNSt15__uniq_ptr_implI10HelloWorldSt14default_deleteIS0_EEC2EPS0_
[0x1568e] ascii    len=  73 4.37 lang=- script=- | _ZNSt15__uniq_ptr_implI10HelloWorldSt14default_deleteIS0_EE10_M_deleterEv
[0x156d8] ascii    len=  92 4.37 lang=- script=- | _ZNSt6vectorINSt7__cxx1112basic_stringIcSt11char_traitsIcESaIcEEESaIS5_EE11_S_max_sizeERKS6_
[0x15735] ascii    len=  74 4.39 lang=- script=- | _ZSt8_DestroyIPNSt7__cxx1112basic_stringIcSt11char_traitsIcESaIcEEEEvT_S7_
[0x15780] ascii    len=  79 4.16 lang=- script=- | _ZSt19__iterator_categoryIPPcENSt15iterator_traitsIT_E17iterator_categoryERKS3_
[0x157d0] ascii    len=  26 3.92 lang=- script=- | __cxa_end_catch@CXXABI_1.3
[0x157eb] ascii    len=  31 4.45 lang=- script=- | __gxx_personality_v0@CXXABI_1.3
[0x1580b] ascii    len=  69 4.52 lang=- script=- | _ZNKSt15__uniq_ptr_implI10HelloWorldSt14default_deleteIS0_EE6_M_ptrEv
[0x15851] ascii    len=  81 4.35 lang=- script=- | _ZNSt6vectorINSt7__cxx1112basic_stringIcSt11char_traitsIcESaIcEEESaIS5_EE5beginEv
[0x158a3] ascii    len=  79 4.38 lang=- script=- | _ZNSt6vectorINSt7__cxx1112basic_stringIcSt11char_traitsIcESaIcEEESaIS5_EE3endEv
[0x158f3] ascii    len=  92 4.48 lang=- script=- | _ZNSt6vectorINSt7__cxx1112basic_stringIcSt11char_traitsIcESaIcEEESaIS5_EEC2IPPcvEET_SB_RKS6_
[0x15950] ascii    len=  71 4.53 lang=- script=- | _ZNSt11_Tuple_implILm1EJSt14default_deleteI10HelloWorldEEE7_M_headERS3_
[0x15998] ascii    len=  31 4.39 lang=- script=- | _ZN10HelloWorld12printMessageEv
[0x159b8] ascii    len= 104 4.58 lang=- script=- | _ZSt3getILm1EJP10HelloWorldSt14default_deleteIS0_EEERNSt13tuple_elementIXT_ESt5tupleIJDpT0_EEE4typeERS8_
[0x15a21] ascii    len=  21 4.20 lang=- script=- | _ZNSolsEi@GLIBCXX_3.4
[0x15a37] ascii    len=  96 4.39 lang=- script=- | _ZNSt16allocator_traitsISaINSt7__cxx1112basic_stringIcSt11char_traitsIcESaIcEEEEE8max_sizeERKS6_
[0x15a98] ascii    len=  90 4.52 lang=- script=- | _ZN9__gnu_cxx13new_allocatorINSt7__cxx1112basic_stringIcSt11char_traitsIcESaIcEEEEC2ERKS7_
[0x15af3] ascii    len=  27 3.85 lang=- script=- | _ITM_deregisterTMCloneTable
[0x15b0f] ascii    len=  43 4.23 lang=- script=- | _ZNKSt14default_deleteI10HelloWorldEclEPS0_
[0x15b3b] ascii    len=  94 4.57 lang=- script=- | _ZNK9__gnu_cxx13new_allocatorINSt7__cxx1112basic_stringIcSt11char_traitsIcESaIcEEEE8max_sizeEv
[0x15b9a] ascii    len=  22 3.97 lang=- script=- | _Unwind_Resume@GCC_3.0
[0x15bb1] ascii    len=  24 4.17 lang=- script=- | _ZNSaIcEC1Ev@GLIBCXX_3.4
[0x15bca] ascii    len= 106 4.62 lang=- script=- | _ZSt3getILm0EJP10HelloWorldSt14default_deleteIS0_EEERKNSt13tuple_elementIXT_ESt5tupleIJDpT0_EEE4typeERKS8_
[0x15c35] ascii    len= 113 4.50 lang=- script=- | _ZNK9__gnu_cxx17__normal_iteratorIPNSt7__cxx1112basic_stringIcSt11char_traitsIcESaIcEEESt6vectorIS6_SaIS6_EEEdeEv
[0x15ca7] ascii    len=  14 2.84 lang=- script=- | __gmon_start__
[0x15cb6] ascii    len=  25 3.81 lang=- script=- | _ITM_registerTMCloneTable
[0x15cd0] ascii    len= 100 4.57 lang=- script=- | _ZSt12__get_helperILm0EP10HelloWorldJSt14default_deleteIS0_EEERKT0_RKSt11_Tuple_implIXT_EJS4_DpT1_EE
[0x15d35] ascii    len= 103 4.44 lang=- script=- | _ZNSt12_Vector_baseINSt7__cxx1112basic_stringIcSt11char_traitsIcESaIcEEESaIS5_EE19_M_get_Tp_allocatorEv
[0x15d9d] ascii    len=  86 4.48 lang=- script=- | _ZN9__gnu_cxx13new_allocatorINSt7__cxx1112basic_stringIcSt11char_traitsIcESaIcEEEED2Ev
[0x15df4] ascii    len=  35 4.65 lang=- script=- | _ZNSt8ios_base4InitD1Ev@GLIBCXX_3.4
[0x15e19] ascii    len=   7 2.81 lang=- script=- | .symtab
[0x15e21] ascii    len=   7 2.52 lang=- script=- | .strtab
[0x15e29] ascii    len=   9 2.73 lang=- script=- | .shstrtab
[0x15e33] ascii    len=   7 2.81 lang=- script=Latin | .interp
[0x15e3b] ascii    len=  18 3.24 lang=- script=Latin | .note.gnu.property
[0x15e4e] ascii    len=  18 3.46 lang=- script=Latin | .note.gnu.build-id
[0x15e61] ascii    len=  13 3.39 lang=- script=Latin | .note.ABI-tag
[0x15e6f] ascii    len=   9 2.73 lang=- script=Latin | .gnu.hash
[0x15e79] ascii    len=   7 2.52 lang=- script=- | .dynsym
[0x15e81] ascii    len=   7 2.81 lang=- script=- | .dynstr
[0x15e89] ascii    len=  12 3.25 lang=- script=Latin | .gnu.version
[0x15e96] ascii    len=  14 3.38 lang=- script=- | .gnu.version_r
[0x15ea5] ascii    len=   9 2.95 lang=- script=Latin | .rela.dyn
[0x15eaf] ascii    len=   9 2.73 lang=- script=Latin | .rela.plt
[0x15eb9] ascii    len=   5 1.92 lang=- script=- | .init
[0x15ebf] ascii    len=   8 2.50 lang=- script=- | .plt.got
[0x15ec8] ascii    len=   5 1.92 lang=- script=- | .text
[0x15ece] ascii    len=   5 1.92 lang=- script=- | .fini
[0x15ed4] ascii    len=   7 2.52 lang=- script=Latin | .rodata
[0x15edc] ascii    len=  13 3.09 lang=- script=- | .eh_frame_hdr
[0x15eea] ascii    len=   9 2.95 lang=- script=- | .eh_frame
[0x15ef4] ascii    len=  17 3.29 lang=- script=- | .gcc_except_table
[0x15f06] ascii    len=  11 2.91 lang=- script=- | .init_array
[0x15f12] ascii    len=  11 2.91 lang=- script=- | .fini_array
[0x15f1e] ascii    len=   8 3.00 lang=- script=Latin | .dynamic
[0x15f27] ascii    len=   8 2.50 lang=- script=- | .got.plt
[0x15f30] ascii    len=   5 1.92 lang=- script=- | .data
[0x15f36] ascii    len=   4 1.50 lang=- script=- | .bss
[0x15f3b] ascii    len=   8 2.75 lang=- script=Latin | .comment
[0x15f44] ascii    len=  11 3.46 lang=- script=- | .debug_info
[0x15f50] ascii    len=  13 3.18 lang=- script=- | .debug_abbrev
[0x15f5e] ascii    len=  11 3.28 lang=- script=- | .debug_line
[0x15f6a] ascii    len=  10 3.32 lang=- script=- | .debug_str
[0x15f75] ascii    len=  11 3.03 lang=- script=- | .debug_addr
[0x15f81] ascii    len=  15 3.64 lang=- script=- | .debug_line_str
[0x15f91] ascii    len=  15 3.64 lang=- script=- | .debug_rnglists
[0x15fa1] ascii    len=  18 3.46 lang=- script=- | .debug_str_offsets
