─── stdin (keystrokes piped to glaurung repl) ───
g 0x1160
n c2_main
c 0x1160 entry: stash argc/argv into locals
label set 0x4040 g_c2_endpoints char *
save
q
─── glaurung repl stdout ───
glaurung repl  binary=/nas4/data/workspace-infosec/glaurung/samples/binaries/platforms/linux/amd64/export/native/clang/O0/c2_demo-clang-O0
               db=/tmp/tutorial-fixtures/02-undo-redo.glaurung  session='main'
>   0x1160  main  (set_by=analyzer)
0x1160>   0x1160 → c2_main
  ── c2_main (post-rename) ──
    fn main {
        // ── locals (from KB) ─────────────────────────────────
        void *var_1b0;  // -0x1b0  set_by=propagated
        void *var_140;  // -0x140  set_by=propagated
        char *var_110;  // -0x110  set_by=propagated
    ... (38 more lines)
0x1160>   0x1160: entry: stash argc/argv into locals
0x1160>   labelled 0x00004040 -> g_c2_endpoints
0x1160> saved.
0x1160> 
saving and exiting…
